<html>
<head>
<title>TestNG:  Report</title>
<link href="../testng.css" rel="stylesheet" type="text/css" />
<link href="../my-testng.css" rel="stylesheet" type="text/css" />

<style type="text/css">
.log { display: none;} 
.stack-trace { display: none;} 
</style>
<script type="text/javascript">
<!--
function flip(e) {
  current = e.style.display;
  if (current == 'block') {
    e.style.display = 'none';
    return 0;
  }
  else {
    e.style.display = 'block';
    return 1;
  }
}

function toggleBox(szDivId, elem, msg1, msg2)
{
  var res = -1;  if (document.getElementById) {
    res = flip(document.getElementById(szDivId));
  }
  else if (document.all) {
    // this is the way old msie versions work
    res = flip(document.all[szDivId]);
  }
  if(elem) {
    if(res == 0) elem.innerHTML = msg1; else elem.innerHTML = msg2;
  }

}

function toggleAllBoxes() {
  if (document.getElementsByTagName) {
    d = document.getElementsByTagName('div');
    for (i = 0; i < d.length; i++) {
      if (d[i].className == 'log') {
        flip(d[i]);
      }
    }
  }
}

// -->
</script>

</head>
<body>
<h2 align='center'>Report</h2><table border='1' align="center">
<tr>
<td>Tests passed/Failed/Skipped:</td><td>49/8/0</td>
</tr><tr>
<td>Started on:</td><td>Mon Jul 11 12:53:02 ICT 2022</td>
</tr>
<tr><td>Total time:</td><td>1231 seconds (1231328 ms)</td>
</tr><tr>
<td>Included groups:</td><td></td>
</tr><tr>
<td>Excluded groups:</td><td></td>
</tr>
</table><p/>
<small><i>(Hover the method name to see the test class name)</i></small><p/>
<table width='100%' border='1' class='invocation-failed'>
<tr><td colspan='4' align='center'><b>FAILED TESTS</b></td></tr>
<tr><td><b>Test method</b></td>
<td><b>Attribute(s)</b></td>
<td width="30%"><b>Exception</b></td>
<td width="10%"><b>Time (seconds)</b></td>
<td><b>Instance</b></td>
</tr>
<tr>
<td title='com.telemarket.report.test.ReportAgreeTest.set_endDateBeforeStartDate()'><b>set_endDateBeforeStartDate</b><br>Test class: com.telemarket.report.test.ReportAgreeTest<br/>
<a href="#Output-1231493271" onClick='toggleBox("Output-1231493271", this, "Show output", "Hide output");'>Show output</a>

<a href="#Output-1231493271" onClick="toggleAllBoxes();">Show all outputs</a>
<div class='log' id="Output-1231493271">
<img src='file://C:\Users\Nexsoft\eclipse-workspace\TELEMARKETING\hasilScreenshot\20220711_125440.png'height="450" width="1017"/><br/>
</div>
</td>
<td><div><pre>java.lang.AssertionError: expected [true] but found [false]
	at com.telemarket.utilities.OtherFunc.verifActivityDate(OtherFunc.java:114)
	at com.telemarket.report.pom.ReportAgreePage.checkActivityDate(ReportAgreePage.java:63)
	at com.telemarket.report.test.ReportAgreeTest.set_endDateBeforeStartDate(ReportAgreeTest.java:152)
	at java.base/java.util.ArrayList.forEach(ArrayList.java:1541)
... Removed 31 stack frames</pre></div><a href='#' onClick='toggleBox("stack-trace1231493271", this, "Click to show all stack frames", "Click to hide stack frames")'>Click to show all stack frames</a>
<div class='stack-trace' id='stack-trace1231493271'><pre>java.lang.AssertionError: expected [true] but found [false]
	at org.testng.Assert.fail(Assert.java:110)
	at org.testng.Assert.failNotEquals(Assert.java:1413)
	at org.testng.Assert.assertTrue(Assert.java:56)
	at org.testng.Assert.assertTrue(Assert.java:66)
	at com.telemarket.utilities.OtherFunc.verifActivityDate(OtherFunc.java:114)
	at com.telemarket.report.pom.ReportAgreePage.checkActivityDate(ReportAgreePage.java:63)
	at com.telemarket.report.test.ReportAgreeTest.set_endDateBeforeStartDate(ReportAgreeTest.java:152)
	at java.base/jdk.internal.reflect.NativeMethodAccessorImpl.invoke0(Native Method)
	at java.base/jdk.internal.reflect.NativeMethodAccessorImpl.invoke(NativeMethodAccessorImpl.java:62)
	at java.base/jdk.internal.reflect.DelegatingMethodAccessorImpl.invoke(DelegatingMethodAccessorImpl.java:43)
	at java.base/java.lang.reflect.Method.invoke(Method.java:566)
	at org.testng.internal.invokers.MethodInvocationHelper.invokeMethod(MethodInvocationHelper.java:139)
	at org.testng.internal.invokers.TestInvoker.invokeMethod(TestInvoker.java:677)
	at org.testng.internal.invokers.TestInvoker.invokeTestMethod(TestInvoker.java:221)
	at org.testng.internal.invokers.MethodRunner.runInSequence(MethodRunner.java:50)
	at org.testng.internal.invokers.TestInvoker$MethodInvocationAgent.invoke(TestInvoker.java:962)
	at org.testng.internal.invokers.TestInvoker.invokeTestMethods(TestInvoker.java:194)
	at org.testng.internal.invokers.TestMethodWorker.invokeTestMethods(TestMethodWorker.java:148)
	at org.testng.internal.invokers.TestMethodWorker.run(TestMethodWorker.java:128)
	at java.base/java.util.ArrayList.forEach(ArrayList.java:1541)
	at org.testng.TestRunner.privateRun(TestRunner.java:806)
	at org.testng.TestRunner.run(TestRunner.java:601)
	at org.testng.SuiteRunner.runTest(SuiteRunner.java:433)
	at org.testng.SuiteRunner.runSequentially(SuiteRunner.java:427)
	at org.testng.SuiteRunner.privateRun(SuiteRunner.java:387)
	at org.testng.SuiteRunner.run(SuiteRunner.java:330)
	at org.testng.SuiteRunnerWorker.runSuite(SuiteRunnerWorker.java:52)
	at org.testng.SuiteRunnerWorker.run(SuiteRunnerWorker.java:95)
	at org.testng.TestNG.runSuitesSequentially(TestNG.java:1256)
	at org.testng.TestNG.runSuitesLocally(TestNG.java:1176)
	at org.testng.TestNG.runSuites(TestNG.java:1099)
	at org.testng.TestNG.run(TestNG.java:1067)
	at org.testng.remote.AbstractRemoteTestNG.run(AbstractRemoteTestNG.java:115)
	at org.testng.remote.RemoteTestNG.initAndRun(RemoteTestNG.java:251)
	at org.testng.remote.RemoteTestNG.main(RemoteTestNG.java:77)
</pre></div></td>
<td>22</td>
<td>com.telemarket.report.test.ReportAgreeTest@1cf6d1be</td></tr>
<tr>
<td title='com.telemarket.report.test.ReportActivityTest.set_StartDateEndDateAfterCurrentDate()'><b>set_StartDateEndDateAfterCurrentDate</b><br>Test class: com.telemarket.report.test.ReportActivityTest<br/>
<a href="#Output-524014602" onClick='toggleBox("Output-524014602", this, "Show output", "Hide output");'>Show output</a>

<a href="#Output-524014602" onClick="toggleAllBoxes();">Show all outputs</a>
<div class='log' id="Output-524014602">
<img src='file://C:\Users\Nexsoft\eclipse-workspace\TELEMARKETING\hasilScreenshot\20220711_130155.png'height="450" width="1017"/><br/>
</div>
</td>
<td><div><pre>java.lang.AssertionError: expected [true] but found [false]
	at com.telemarket.utilities.OtherFunc.verifActivityDate(OtherFunc.java:114)
	at com.telemarket.report.pom.ReportActivityPage.checkActivityDate(ReportActivityPage.java:119)
	at com.telemarket.report.test.ReportActivityTest.set_StartDateEndDateAfterCurrentDate(ReportActivityTest.java:250)
	at java.base/java.util.ArrayList.forEach(ArrayList.java:1541)
... Removed 31 stack frames</pre></div><a href='#' onClick='toggleBox("stack-trace524014602", this, "Click to show all stack frames", "Click to hide stack frames")'>Click to show all stack frames</a>
<div class='stack-trace' id='stack-trace524014602'><pre>java.lang.AssertionError: expected [true] but found [false]
	at org.testng.Assert.fail(Assert.java:110)
	at org.testng.Assert.failNotEquals(Assert.java:1413)
	at org.testng.Assert.assertTrue(Assert.java:56)
	at org.testng.Assert.assertTrue(Assert.java:66)
	at com.telemarket.utilities.OtherFunc.verifActivityDate(OtherFunc.java:114)
	at com.telemarket.report.pom.ReportActivityPage.checkActivityDate(ReportActivityPage.java:119)
	at com.telemarket.report.test.ReportActivityTest.set_StartDateEndDateAfterCurrentDate(ReportActivityTest.java:250)
	at java.base/jdk.internal.reflect.NativeMethodAccessorImpl.invoke0(Native Method)
	at java.base/jdk.internal.reflect.NativeMethodAccessorImpl.invoke(NativeMethodAccessorImpl.java:62)
	at java.base/jdk.internal.reflect.DelegatingMethodAccessorImpl.invoke(DelegatingMethodAccessorImpl.java:43)
	at java.base/java.lang.reflect.Method.invoke(Method.java:566)
	at org.testng.internal.invokers.MethodInvocationHelper.invokeMethod(MethodInvocationHelper.java:139)
	at org.testng.internal.invokers.TestInvoker.invokeMethod(TestInvoker.java:677)
	at org.testng.internal.invokers.TestInvoker.invokeTestMethod(TestInvoker.java:221)
	at org.testng.internal.invokers.MethodRunner.runInSequence(MethodRunner.java:50)
	at org.testng.internal.invokers.TestInvoker$MethodInvocationAgent.invoke(TestInvoker.java:962)
	at org.testng.internal.invokers.TestInvoker.invokeTestMethods(TestInvoker.java:194)
	at org.testng.internal.invokers.TestMethodWorker.invokeTestMethods(TestMethodWorker.java:148)
	at org.testng.internal.invokers.TestMethodWorker.run(TestMethodWorker.java:128)
	at java.base/java.util.ArrayList.forEach(ArrayList.java:1541)
	at org.testng.TestRunner.privateRun(TestRunner.java:806)
	at org.testng.TestRunner.run(TestRunner.java:601)
	at org.testng.SuiteRunner.runTest(SuiteRunner.java:433)
	at org.testng.SuiteRunner.runSequentially(SuiteRunner.java:427)
	at org.testng.SuiteRunner.privateRun(SuiteRunner.java:387)
	at org.testng.SuiteRunner.run(SuiteRunner.java:330)
	at org.testng.SuiteRunnerWorker.runSuite(SuiteRunnerWorker.java:52)
	at org.testng.SuiteRunnerWorker.run(SuiteRunnerWorker.java:95)
	at org.testng.TestNG.runSuitesSequentially(TestNG.java:1256)
	at org.testng.TestNG.runSuitesLocally(TestNG.java:1176)
	at org.testng.TestNG.runSuites(TestNG.java:1099)
	at org.testng.TestNG.run(TestNG.java:1067)
	at org.testng.remote.AbstractRemoteTestNG.run(AbstractRemoteTestNG.java:115)
	at org.testng.remote.RemoteTestNG.initAndRun(RemoteTestNG.java:251)
	at org.testng.remote.RemoteTestNG.main(RemoteTestNG.java:77)
</pre></div></td>
<td>16</td>
<td>com.telemarket.report.test.ReportActivityTest@24569dba</td></tr>
<tr>
<td title='com.telemarket.report.test.ReportCallTrackTest.test_check2Agent_Valid()'><b>test_check2Agent_Valid</b><br>Test class: com.telemarket.report.test.ReportCallTrackTest<br/>
<a href="#Output-1998457069" onClick='toggleBox("Output-1998457069", this, "Show output", "Hide output");'>Show output</a>

<a href="#Output-1998457069" onClick="toggleAllBoxes();">Show all outputs</a>
<div class='log' id="Output-1998457069">
<img src='file://C:\Users\Nexsoft\eclipse-workspace\TELEMARKETING\hasilScreenshot\20220711_130652.png'height="450" width="1017"/><br/>
</div>
</td>
<td><div><pre>java.lang.AssertionError: expected [true] but found [false]
	at com.telemarket.utilities.OtherFunc.verifDataOnlyInArray(OtherFunc.java:178)
	at com.telemarket.report.pom.ReportCallTrackPage.checkCallTrackAgentArray(ReportCallTrackPage.java:131)
	at com.telemarket.report.test.ReportCallTrackTest.test_check2Agent_Valid(ReportCallTrackTest.java:149)
	at java.base/java.util.ArrayList.forEach(ArrayList.java:1541)
... Removed 31 stack frames</pre></div><a href='#' onClick='toggleBox("stack-trace1998457069", this, "Click to show all stack frames", "Click to hide stack frames")'>Click to show all stack frames</a>
<div class='stack-trace' id='stack-trace1998457069'><pre>java.lang.AssertionError: expected [true] but found [false]
	at org.testng.Assert.fail(Assert.java:110)
	at org.testng.Assert.failNotEquals(Assert.java:1413)
	at org.testng.Assert.assertTrue(Assert.java:56)
	at org.testng.Assert.assertTrue(Assert.java:66)
	at com.telemarket.utilities.OtherFunc.verifDataOnlyInArray(OtherFunc.java:178)
	at com.telemarket.report.pom.ReportCallTrackPage.checkCallTrackAgentArray(ReportCallTrackPage.java:131)
	at com.telemarket.report.test.ReportCallTrackTest.test_check2Agent_Valid(ReportCallTrackTest.java:149)
	at java.base/jdk.internal.reflect.NativeMethodAccessorImpl.invoke0(Native Method)
	at java.base/jdk.internal.reflect.NativeMethodAccessorImpl.invoke(NativeMethodAccessorImpl.java:62)
	at java.base/jdk.internal.reflect.DelegatingMethodAccessorImpl.invoke(DelegatingMethodAccessorImpl.java:43)
	at java.base/java.lang.reflect.Method.invoke(Method.java:566)
	at org.testng.internal.invokers.MethodInvocationHelper.invokeMethod(MethodInvocationHelper.java:139)
	at org.testng.internal.invokers.TestInvoker.invokeMethod(TestInvoker.java:677)
	at org.testng.internal.invokers.TestInvoker.invokeTestMethod(TestInvoker.java:221)
	at org.testng.internal.invokers.MethodRunner.runInSequence(MethodRunner.java:50)
	at org.testng.internal.invokers.TestInvoker$MethodInvocationAgent.invoke(TestInvoker.java:962)
	at org.testng.internal.invokers.TestInvoker.invokeTestMethods(TestInvoker.java:194)
	at org.testng.internal.invokers.TestMethodWorker.invokeTestMethods(TestMethodWorker.java:148)
	at org.testng.internal.invokers.TestMethodWorker.run(TestMethodWorker.java:128)
	at java.base/java.util.ArrayList.forEach(ArrayList.java:1541)
	at org.testng.TestRunner.privateRun(TestRunner.java:806)
	at org.testng.TestRunner.run(TestRunner.java:601)
	at org.testng.SuiteRunner.runTest(SuiteRunner.java:433)
	at org.testng.SuiteRunner.runSequentially(SuiteRunner.java:427)
	at org.testng.SuiteRunner.privateRun(SuiteRunner.java:387)
	at org.testng.SuiteRunner.run(SuiteRunner.java:330)
	at org.testng.SuiteRunnerWorker.runSuite(SuiteRunnerWorker.java:52)
	at org.testng.SuiteRunnerWorker.run(SuiteRunnerWorker.java:95)
	at org.testng.TestNG.runSuitesSequentially(TestNG.java:1256)
	at org.testng.TestNG.runSuitesLocally(TestNG.java:1176)
	at org.testng.TestNG.runSuites(TestNG.java:1099)
	at org.testng.TestNG.run(TestNG.java:1067)
	at org.testng.remote.AbstractRemoteTestNG.run(AbstractRemoteTestNG.java:115)
	at org.testng.remote.RemoteTestNG.initAndRun(RemoteTestNG.java:251)
	at org.testng.remote.RemoteTestNG.main(RemoteTestNG.java:77)
</pre></div></td>
<td>25</td>
<td>com.telemarket.report.test.ReportCallTrackTest@5ddeb7cb</td></tr>
<tr>
<td title='com.telemarket.report.test.ReportAgreeTest.set_StartDateEndDateAfterCurrentDate()'><b>set_StartDateEndDateAfterCurrentDate</b><br>Test class: com.telemarket.report.test.ReportAgreeTest<br/>
<a href="#Output-65583344" onClick='toggleBox("Output-65583344", this, "Show output", "Hide output");'>Show output</a>

<a href="#Output-65583344" onClick="toggleAllBoxes();">Show all outputs</a>
<div class='log' id="Output-65583344">
<img src='file://C:\Users\Nexsoft\eclipse-workspace\TELEMARKETING\hasilScreenshot\20220711_125507.png'height="450" width="1017"/><br/>
</div>
</td>
<td><div><pre>java.lang.AssertionError: expected [true] but found [false]
	at com.telemarket.utilities.OtherFunc.verifActivityDate(OtherFunc.java:114)
	at com.telemarket.report.pom.ReportAgreePage.checkActivityDate(ReportAgreePage.java:63)
	at com.telemarket.report.test.ReportAgreeTest.set_StartDateEndDateAfterCurrentDate(ReportAgreeTest.java:177)
	at java.base/java.util.ArrayList.forEach(ArrayList.java:1541)
... Removed 31 stack frames</pre></div><a href='#' onClick='toggleBox("stack-trace65583344", this, "Click to show all stack frames", "Click to hide stack frames")'>Click to show all stack frames</a>
<div class='stack-trace' id='stack-trace65583344'><pre>java.lang.AssertionError: expected [true] but found [false]
	at org.testng.Assert.fail(Assert.java:110)
	at org.testng.Assert.failNotEquals(Assert.java:1413)
	at org.testng.Assert.assertTrue(Assert.java:56)
	at org.testng.Assert.assertTrue(Assert.java:66)
	at com.telemarket.utilities.OtherFunc.verifActivityDate(OtherFunc.java:114)
	at com.telemarket.report.pom.ReportAgreePage.checkActivityDate(ReportAgreePage.java:63)
	at com.telemarket.report.test.ReportAgreeTest.set_StartDateEndDateAfterCurrentDate(ReportAgreeTest.java:177)
	at java.base/jdk.internal.reflect.NativeMethodAccessorImpl.invoke0(Native Method)
	at java.base/jdk.internal.reflect.NativeMethodAccessorImpl.invoke(NativeMethodAccessorImpl.java:62)
	at java.base/jdk.internal.reflect.DelegatingMethodAccessorImpl.invoke(DelegatingMethodAccessorImpl.java:43)
	at java.base/java.lang.reflect.Method.invoke(Method.java:566)
	at org.testng.internal.invokers.MethodInvocationHelper.invokeMethod(MethodInvocationHelper.java:139)
	at org.testng.internal.invokers.TestInvoker.invokeMethod(TestInvoker.java:677)
	at org.testng.internal.invokers.TestInvoker.invokeTestMethod(TestInvoker.java:221)
	at org.testng.internal.invokers.MethodRunner.runInSequence(MethodRunner.java:50)
	at org.testng.internal.invokers.TestInvoker$MethodInvocationAgent.invoke(TestInvoker.java:962)
	at org.testng.internal.invokers.TestInvoker.invokeTestMethods(TestInvoker.java:194)
	at org.testng.internal.invokers.TestMethodWorker.invokeTestMethods(TestMethodWorker.java:148)
	at org.testng.internal.invokers.TestMethodWorker.run(TestMethodWorker.java:128)
	at java.base/java.util.ArrayList.forEach(ArrayList.java:1541)
	at org.testng.TestRunner.privateRun(TestRunner.java:806)
	at org.testng.TestRunner.run(TestRunner.java:601)
	at org.testng.SuiteRunner.runTest(SuiteRunner.java:433)
	at org.testng.SuiteRunner.runSequentially(SuiteRunner.java:427)
	at org.testng.SuiteRunner.privateRun(SuiteRunner.java:387)
	at org.testng.SuiteRunner.run(SuiteRunner.java:330)
	at org.testng.SuiteRunnerWorker.runSuite(SuiteRunnerWorker.java:52)
	at org.testng.SuiteRunnerWorker.run(SuiteRunnerWorker.java:95)
	at org.testng.TestNG.runSuitesSequentially(TestNG.java:1256)
	at org.testng.TestNG.runSuitesLocally(TestNG.java:1176)
	at org.testng.TestNG.runSuites(TestNG.java:1099)
	at org.testng.TestNG.run(TestNG.java:1067)
	at org.testng.remote.AbstractRemoteTestNG.run(AbstractRemoteTestNG.java:115)
	at org.testng.remote.RemoteTestNG.initAndRun(RemoteTestNG.java:251)
	at org.testng.remote.RemoteTestNG.main(RemoteTestNG.java:77)
</pre></div></td>
<td>25</td>
<td>com.telemarket.report.test.ReportAgreeTest@1cf6d1be</td></tr>
<tr>
<td title='com.telemarket.report.test.ReportCallTrackTest.test_checkAllAgent_Valid()'><b>test_checkAllAgent_Valid</b><br>Test class: com.telemarket.report.test.ReportCallTrackTest<br/>
<a href="#Output-883452992" onClick='toggleBox("Output-883452992", this, "Show output", "Hide output");'>Show output</a>

<a href="#Output-883452992" onClick="toggleAllBoxes();">Show all outputs</a>
<div class='log' id="Output-883452992">
<img src='file://C:\Users\Nexsoft\eclipse-workspace\TELEMARKETING\hasilScreenshot\20220711_130714.png'height="450" width="1017"/><br/>
</div>
</td>
<td><div><pre>java.lang.AssertionError: expected [true] but found [false]
	at com.telemarket.utilities.OtherFunc.verifDataOnlyInArray(OtherFunc.java:178)
	at com.telemarket.report.pom.ReportCallTrackPage.checkCallTrackAgentArray(ReportCallTrackPage.java:131)
	at com.telemarket.report.test.ReportCallTrackTest.test_checkAllAgent_Valid(ReportCallTrackTest.java:177)
	at java.base/java.util.ArrayList.forEach(ArrayList.java:1541)
... Removed 31 stack frames</pre></div><a href='#' onClick='toggleBox("stack-trace883452992", this, "Click to show all stack frames", "Click to hide stack frames")'>Click to show all stack frames</a>
<div class='stack-trace' id='stack-trace883452992'><pre>java.lang.AssertionError: expected [true] but found [false]
	at org.testng.Assert.fail(Assert.java:110)
	at org.testng.Assert.failNotEquals(Assert.java:1413)
	at org.testng.Assert.assertTrue(Assert.java:56)
	at org.testng.Assert.assertTrue(Assert.java:66)
	at com.telemarket.utilities.OtherFunc.verifDataOnlyInArray(OtherFunc.java:178)
	at com.telemarket.report.pom.ReportCallTrackPage.checkCallTrackAgentArray(ReportCallTrackPage.java:131)
	at com.telemarket.report.test.ReportCallTrackTest.test_checkAllAgent_Valid(ReportCallTrackTest.java:177)
	at java.base/jdk.internal.reflect.NativeMethodAccessorImpl.invoke0(Native Method)
	at java.base/jdk.internal.reflect.NativeMethodAccessorImpl.invoke(NativeMethodAccessorImpl.java:62)
	at java.base/jdk.internal.reflect.DelegatingMethodAccessorImpl.invoke(DelegatingMethodAccessorImpl.java:43)
	at java.base/java.lang.reflect.Method.invoke(Method.java:566)
	at org.testng.internal.invokers.MethodInvocationHelper.invokeMethod(MethodInvocationHelper.java:139)
	at org.testng.internal.invokers.TestInvoker.invokeMethod(TestInvoker.java:677)
	at org.testng.internal.invokers.TestInvoker.invokeTestMethod(TestInvoker.java:221)
	at org.testng.internal.invokers.MethodRunner.runInSequence(MethodRunner.java:50)
	at org.testng.internal.invokers.TestInvoker$MethodInvocationAgent.invoke(TestInvoker.java:962)
	at org.testng.internal.invokers.TestInvoker.invokeTestMethods(TestInvoker.java:194)
	at org.testng.internal.invokers.TestMethodWorker.invokeTestMethods(TestMethodWorker.java:148)
	at org.testng.internal.invokers.TestMethodWorker.run(TestMethodWorker.java:128)
	at java.base/java.util.ArrayList.forEach(ArrayList.java:1541)
	at org.testng.TestRunner.privateRun(TestRunner.java:806)
	at org.testng.TestRunner.run(TestRunner.java:601)
	at org.testng.SuiteRunner.runTest(SuiteRunner.java:433)
	at org.testng.SuiteRunner.runSequentially(SuiteRunner.java:427)
	at org.testng.SuiteRunner.privateRun(SuiteRunner.java:387)
	at org.testng.SuiteRunner.run(SuiteRunner.java:330)
	at org.testng.SuiteRunnerWorker.runSuite(SuiteRunnerWorker.java:52)
	at org.testng.SuiteRunnerWorker.run(SuiteRunnerWorker.java:95)
	at org.testng.TestNG.runSuitesSequentially(TestNG.java:1256)
	at org.testng.TestNG.runSuitesLocally(TestNG.java:1176)
	at org.testng.TestNG.runSuites(TestNG.java:1099)
	at org.testng.TestNG.run(TestNG.java:1067)
	at org.testng.remote.AbstractRemoteTestNG.run(AbstractRemoteTestNG.java:115)
	at org.testng.remote.RemoteTestNG.initAndRun(RemoteTestNG.java:251)
	at org.testng.remote.RemoteTestNG.main(RemoteTestNG.java:77)
</pre></div></td>
<td>18</td>
<td>com.telemarket.report.test.ReportCallTrackTest@5ddeb7cb</td></tr>
<tr>
<td title='com.telemarket.report.test.ReportActivityTest.test_checkEmptying_fieldDate()'><b>test_checkEmptying_fieldDate</b><br>Test class: com.telemarket.report.test.ReportActivityTest<br/>
<a href="#Output-1333507457" onClick='toggleBox("Output-1333507457", this, "Show output", "Hide output");'>Show output</a>

<a href="#Output-1333507457" onClick="toggleAllBoxes();">Show all outputs</a>
<div class='log' id="Output-1333507457">
<img src='file://C:\Users\Nexsoft\eclipse-workspace\TELEMARKETING\hasilScreenshot\20220711_130111.png'height="450" width="1017"/><br/>
</div>
</td>
<td><div><pre>java.lang.AssertionError: expected [true] but found [false]
	at com.telemarket.report.test.ReportActivityTest.test_checkEmptying_fieldDate(ReportActivityTest.java:199)
	at java.base/java.util.ArrayList.forEach(ArrayList.java:1541)
... Removed 31 stack frames</pre></div><a href='#' onClick='toggleBox("stack-trace1333507457", this, "Click to show all stack frames", "Click to hide stack frames")'>Click to show all stack frames</a>
<div class='stack-trace' id='stack-trace1333507457'><pre>java.lang.AssertionError: expected [true] but found [false]
	at org.testng.Assert.fail(Assert.java:110)
	at org.testng.Assert.failNotEquals(Assert.java:1413)
	at org.testng.Assert.assertTrue(Assert.java:56)
	at org.testng.Assert.assertTrue(Assert.java:66)
	at com.telemarket.report.test.ReportActivityTest.test_checkEmptying_fieldDate(ReportActivityTest.java:199)
	at java.base/jdk.internal.reflect.NativeMethodAccessorImpl.invoke0(Native Method)
	at java.base/jdk.internal.reflect.NativeMethodAccessorImpl.invoke(NativeMethodAccessorImpl.java:62)
	at java.base/jdk.internal.reflect.DelegatingMethodAccessorImpl.invoke(DelegatingMethodAccessorImpl.java:43)
	at java.base/java.lang.reflect.Method.invoke(Method.java:566)
	at org.testng.internal.invokers.MethodInvocationHelper.invokeMethod(MethodInvocationHelper.java:139)
	at org.testng.internal.invokers.TestInvoker.invokeMethod(TestInvoker.java:677)
	at org.testng.internal.invokers.TestInvoker.invokeTestMethod(TestInvoker.java:221)
	at org.testng.internal.invokers.MethodRunner.runInSequence(MethodRunner.java:50)
	at org.testng.internal.invokers.TestInvoker$MethodInvocationAgent.invoke(TestInvoker.java:962)
	at org.testng.internal.invokers.TestInvoker.invokeTestMethods(TestInvoker.java:194)
	at org.testng.internal.invokers.TestMethodWorker.invokeTestMethods(TestMethodWorker.java:148)
	at org.testng.internal.invokers.TestMethodWorker.run(TestMethodWorker.java:128)
	at java.base/java.util.ArrayList.forEach(ArrayList.java:1541)
	at org.testng.TestRunner.privateRun(TestRunner.java:806)
	at org.testng.TestRunner.run(TestRunner.java:601)
	at org.testng.SuiteRunner.runTest(SuiteRunner.java:433)
	at org.testng.SuiteRunner.runSequentially(SuiteRunner.java:427)
	at org.testng.SuiteRunner.privateRun(SuiteRunner.java:387)
	at org.testng.SuiteRunner.run(SuiteRunner.java:330)
	at org.testng.SuiteRunnerWorker.runSuite(SuiteRunnerWorker.java:52)
	at org.testng.SuiteRunnerWorker.run(SuiteRunnerWorker.java:95)
	at org.testng.TestNG.runSuitesSequentially(TestNG.java:1256)
	at org.testng.TestNG.runSuitesLocally(TestNG.java:1176)
	at org.testng.TestNG.runSuites(TestNG.java:1099)
	at org.testng.TestNG.run(TestNG.java:1067)
	at org.testng.remote.AbstractRemoteTestNG.run(AbstractRemoteTestNG.java:115)
	at org.testng.remote.RemoteTestNG.initAndRun(RemoteTestNG.java:251)
	at org.testng.remote.RemoteTestNG.main(RemoteTestNG.java:77)
</pre></div></td>
<td>11</td>
<td>com.telemarket.report.test.ReportActivityTest@24569dba</td></tr>
<tr>
<td title='com.telemarket.report.test.ReportCallTrackTest.test_check1Agent_Valid()'><b>test_check1Agent_Valid</b><br>Test class: com.telemarket.report.test.ReportCallTrackTest<br/>
<a href="#Output-101600661" onClick='toggleBox("Output-101600661", this, "Show output", "Hide output");'>Show output</a>

<a href="#Output-101600661" onClick="toggleAllBoxes();">Show all outputs</a>
<div class='log' id="Output-101600661">
<img src='file://C:\Users\Nexsoft\eclipse-workspace\TELEMARKETING\hasilScreenshot\20220711_130626.png'height="450" width="1017"/><br/>
</div>
</td>
<td><div><pre>java.lang.AssertionError: expected [true] but found [false]
	at com.telemarket.utilities.OtherFunc.verifDataOnlyInArray(OtherFunc.java:178)
	at com.telemarket.report.pom.ReportCallTrackPage.checkCallTrackAgentArray(ReportCallTrackPage.java:131)
	at com.telemarket.report.test.ReportCallTrackTest.test_check1Agent_Valid(ReportCallTrackTest.java:114)
	at java.base/java.util.ArrayList.forEach(ArrayList.java:1541)
... Removed 31 stack frames</pre></div><a href='#' onClick='toggleBox("stack-trace101600661", this, "Click to show all stack frames", "Click to hide stack frames")'>Click to show all stack frames</a>
<div class='stack-trace' id='stack-trace101600661'><pre>java.lang.AssertionError: expected [true] but found [false]
	at org.testng.Assert.fail(Assert.java:110)
	at org.testng.Assert.failNotEquals(Assert.java:1413)
	at org.testng.Assert.assertTrue(Assert.java:56)
	at org.testng.Assert.assertTrue(Assert.java:66)
	at com.telemarket.utilities.OtherFunc.verifDataOnlyInArray(OtherFunc.java:178)
	at com.telemarket.report.pom.ReportCallTrackPage.checkCallTrackAgentArray(ReportCallTrackPage.java:131)
	at com.telemarket.report.test.ReportCallTrackTest.test_check1Agent_Valid(ReportCallTrackTest.java:114)
	at java.base/jdk.internal.reflect.NativeMethodAccessorImpl.invoke0(Native Method)
	at java.base/jdk.internal.reflect.NativeMethodAccessorImpl.invoke(NativeMethodAccessorImpl.java:62)
	at java.base/jdk.internal.reflect.DelegatingMethodAccessorImpl.invoke(DelegatingMethodAccessorImpl.java:43)
	at java.base/java.lang.reflect.Method.invoke(Method.java:566)
	at org.testng.internal.invokers.MethodInvocationHelper.invokeMethod(MethodInvocationHelper.java:139)
	at org.testng.internal.invokers.TestInvoker.invokeMethod(TestInvoker.java:677)
	at org.testng.internal.invokers.TestInvoker.invokeTestMethod(TestInvoker.java:221)
	at org.testng.internal.invokers.MethodRunner.runInSequence(MethodRunner.java:50)
	at org.testng.internal.invokers.TestInvoker$MethodInvocationAgent.invoke(TestInvoker.java:962)
	at org.testng.internal.invokers.TestInvoker.invokeTestMethods(TestInvoker.java:194)
	at org.testng.internal.invokers.TestMethodWorker.invokeTestMethods(TestMethodWorker.java:148)
	at org.testng.internal.invokers.TestMethodWorker.run(TestMethodWorker.java:128)
	at java.base/java.util.ArrayList.forEach(ArrayList.java:1541)
	at org.testng.TestRunner.privateRun(TestRunner.java:806)
	at org.testng.TestRunner.run(TestRunner.java:601)
	at org.testng.SuiteRunner.runTest(SuiteRunner.java:433)
	at org.testng.SuiteRunner.runSequentially(SuiteRunner.java:427)
	at org.testng.SuiteRunner.privateRun(SuiteRunner.java:387)
	at org.testng.SuiteRunner.run(SuiteRunner.java:330)
	at org.testng.SuiteRunnerWorker.runSuite(SuiteRunnerWorker.java:52)
	at org.testng.SuiteRunnerWorker.run(SuiteRunnerWorker.java:95)
	at org.testng.TestNG.runSuitesSequentially(TestNG.java:1256)
	at org.testng.TestNG.runSuitesLocally(TestNG.java:1176)
	at org.testng.TestNG.runSuites(TestNG.java:1099)
	at org.testng.TestNG.run(TestNG.java:1067)
	at org.testng.remote.AbstractRemoteTestNG.run(AbstractRemoteTestNG.java:115)
	at org.testng.remote.RemoteTestNG.initAndRun(RemoteTestNG.java:251)
	at org.testng.remote.RemoteTestNG.main(RemoteTestNG.java:77)
</pre></div></td>
<td>23</td>
<td>com.telemarket.report.test.ReportCallTrackTest@5ddeb7cb</td></tr>
<tr>
<td title='com.telemarket.report.test.ReportActivityTest.set_endDateBeforeStartDate()'><b>set_endDateBeforeStartDate</b><br>Test class: com.telemarket.report.test.ReportActivityTest<br/>
<a href="#Output-8298099" onClick='toggleBox("Output-8298099", this, "Show output", "Hide output");'>Show output</a>

<a href="#Output-8298099" onClick="toggleAllBoxes();">Show all outputs</a>
<div class='log' id="Output-8298099">
<img src='file://C:\Users\Nexsoft\eclipse-workspace\TELEMARKETING\hasilScreenshot\20220711_130136.png'height="450" width="1017"/><br/>
</div>
</td>
<td><div><pre>java.lang.AssertionError: expected [true] but found [false]
	at com.telemarket.utilities.OtherFunc.verifActivityDate(OtherFunc.java:114)
	at com.telemarket.report.pom.ReportActivityPage.checkActivityDate(ReportActivityPage.java:119)
	at com.telemarket.report.test.ReportActivityTest.set_endDateBeforeStartDate(ReportActivityTest.java:225)
	at java.base/java.util.ArrayList.forEach(ArrayList.java:1541)
... Removed 31 stack frames</pre></div><a href='#' onClick='toggleBox("stack-trace8298099", this, "Click to show all stack frames", "Click to hide stack frames")'>Click to show all stack frames</a>
<div class='stack-trace' id='stack-trace8298099'><pre>java.lang.AssertionError: expected [true] but found [false]
	at org.testng.Assert.fail(Assert.java:110)
	at org.testng.Assert.failNotEquals(Assert.java:1413)
	at org.testng.Assert.assertTrue(Assert.java:56)
	at org.testng.Assert.assertTrue(Assert.java:66)
	at com.telemarket.utilities.OtherFunc.verifActivityDate(OtherFunc.java:114)
	at com.telemarket.report.pom.ReportActivityPage.checkActivityDate(ReportActivityPage.java:119)
	at com.telemarket.report.test.ReportActivityTest.set_endDateBeforeStartDate(ReportActivityTest.java:225)
	at java.base/jdk.internal.reflect.NativeMethodAccessorImpl.invoke0(Native Method)
	at java.base/jdk.internal.reflect.NativeMethodAccessorImpl.invoke(NativeMethodAccessorImpl.java:62)
	at java.base/jdk.internal.reflect.DelegatingMethodAccessorImpl.invoke(DelegatingMethodAccessorImpl.java:43)
	at java.base/java.lang.reflect.Method.invoke(Method.java:566)
	at org.testng.internal.invokers.MethodInvocationHelper.invokeMethod(MethodInvocationHelper.java:139)
	at org.testng.internal.invokers.TestInvoker.invokeMethod(TestInvoker.java:677)
	at org.testng.internal.invokers.TestInvoker.invokeTestMethod(TestInvoker.java:221)
	at org.testng.internal.invokers.MethodRunner.runInSequence(MethodRunner.java:50)
	at org.testng.internal.invokers.TestInvoker$MethodInvocationAgent.invoke(TestInvoker.java:962)
	at org.testng.internal.invokers.TestInvoker.invokeTestMethods(TestInvoker.java:194)
	at org.testng.internal.invokers.TestMethodWorker.invokeTestMethods(TestMethodWorker.java:148)
	at org.testng.internal.invokers.TestMethodWorker.run(TestMethodWorker.java:128)
	at java.base/java.util.ArrayList.forEach(ArrayList.java:1541)
	at org.testng.TestRunner.privateRun(TestRunner.java:806)
	at org.testng.TestRunner.run(TestRunner.java:601)
	at org.testng.SuiteRunner.runTest(SuiteRunner.java:433)
	at org.testng.SuiteRunner.runSequentially(SuiteRunner.java:427)
	at org.testng.SuiteRunner.privateRun(SuiteRunner.java:387)
	at org.testng.SuiteRunner.run(SuiteRunner.java:330)
	at org.testng.SuiteRunnerWorker.runSuite(SuiteRunnerWorker.java:52)
	at org.testng.SuiteRunnerWorker.run(SuiteRunnerWorker.java:95)
	at org.testng.TestNG.runSuitesSequentially(TestNG.java:1256)
	at org.testng.TestNG.runSuitesLocally(TestNG.java:1176)
	at org.testng.TestNG.runSuites(TestNG.java:1099)
	at org.testng.TestNG.run(TestNG.java:1067)
	at org.testng.remote.AbstractRemoteTestNG.run(AbstractRemoteTestNG.java:115)
	at org.testng.remote.RemoteTestNG.initAndRun(RemoteTestNG.java:251)
	at org.testng.remote.RemoteTestNG.main(RemoteTestNG.java:77)
</pre></div></td>
<td>22</td>
<td>com.telemarket.report.test.ReportActivityTest@24569dba</td></tr>
</table><p>
<table width='100%' border='1' class='invocation-passed'>
<tr><td colspan='4' align='center'><b>PASSED TESTS</b></td></tr>
<tr><td><b>Test method</b></td>
<td><b>Attribute(s)</b></td>
<td width="30%"><b>Exception</b></td>
<td width="10%"><b>Time (seconds)</b></td>
<td><b>Instance</b></td>
</tr>
<tr>
<td title='com.telemarket.report.test.ReportAgreeTest.test_showPage_10()'><b>test_showPage_10</b><br>Test class: com.telemarket.report.test.ReportAgreeTest</td>
<td></td>
<td>18</td>
<td>com.telemarket.report.test.ReportAgreeTest@1cf6d1be</td></tr>
<tr>
<td title='com.telemarket.report.test.ReportActivityTest.test_goto_reportActivityPage()'><b>test_goto_reportActivityPage</b><br>Test class: com.telemarket.report.test.ReportActivityTest</td>
<td></td>
<td>6</td>
<td>com.telemarket.report.test.ReportActivityTest@24569dba</td></tr>
<tr>
<td title='com.telemarket.report.test.ReportAgreeTest.test_goto_report_agree_page()'><b>test_goto_report_agree_page</b><br>Test class: com.telemarket.report.test.ReportAgreeTest</td>
<td></td>
<td>8</td>
<td>com.telemarket.report.test.ReportAgreeTest@1cf6d1be</td></tr>
<tr>
<td title='com.telemarket.report.test.ReportActivityTest.test_check3Agent_Valid()'><b>test_check3Agent_Valid</b><br>Test class: com.telemarket.report.test.ReportActivityTest</td>
<td></td>
<td>19</td>
<td>com.telemarket.report.test.ReportActivityTest@24569dba</td></tr>
<tr>
<td title='com.telemarket.report.test.ReportAgreeTest.test_pageButton_first()'><b>test_pageButton_first</b><br>Test class: com.telemarket.report.test.ReportAgreeTest</td>
<td></td>
<td>16</td>
<td>com.telemarket.report.test.ReportAgreeTest@1cf6d1be</td></tr>
<tr>
<td title='com.telemarket.report.test.ReportActivityTest.test_ShowPage_10()'><b>test_ShowPage_10</b><br>Test class: com.telemarket.report.test.ReportActivityTest</td>
<td></td>
<td>18</td>
<td>com.telemarket.report.test.ReportActivityTest@24569dba</td></tr>
<tr>
<td title='com.telemarket.report.test.ReportActivityTest.test_ShowPage_25()'><b>test_ShowPage_25</b><br>Test class: com.telemarket.report.test.ReportActivityTest</td>
<td></td>
<td>18</td>
<td>com.telemarket.report.test.ReportActivityTest@24569dba</td></tr>
<tr>
<td title='com.telemarket.report.test.ReportAgreeTest.set_startDate_endDate_valid()'><b>set_startDate_endDate_valid</b><br>Test class: com.telemarket.report.test.ReportAgreeTest</td>
<td></td>
<td>16</td>
<td>com.telemarket.report.test.ReportAgreeTest@1cf6d1be</td></tr>
<tr>
<td title='com.telemarket.report.test.ReportAgreeTest.test_showPage_50()'><b>test_showPage_50</b><br>Test class: com.telemarket.report.test.ReportAgreeTest</td>
<td></td>
<td>18</td>
<td>com.telemarket.report.test.ReportAgreeTest@1cf6d1be</td></tr>
<tr>
<td title='com.telemarket.report.test.ReportAgreeTest.test_showPage_500()'><b>test_showPage_500</b><br>Test class: com.telemarket.report.test.ReportAgreeTest</td>
<td></td>
<td>19</td>
<td>com.telemarket.report.test.ReportAgreeTest@1cf6d1be</td></tr>
<tr>
<td title='com.telemarket.report.test.ReportAgreeTest.check_reportAgree_dataAgree()'><b>check_reportAgree_dataAgree</b><br>Test class: com.telemarket.report.test.ReportAgreeTest</td>
<td></td>
<td>16</td>
<td>com.telemarket.report.test.ReportAgreeTest@1cf6d1be</td></tr>
<tr>
<td title='com.telemarket.report.test.ReportActivityTest.test_ShowPage_500()'><b>test_ShowPage_500</b><br>Test class: com.telemarket.report.test.ReportActivityTest</td>
<td></td>
<td>26</td>
<td>com.telemarket.report.test.ReportActivityTest@24569dba</td></tr>
<tr>
<td title='com.telemarket.report.test.ReportAgreeTest.set_noStartDate()'><b>set_noStartDate</b><br>Test class: com.telemarket.report.test.ReportAgreeTest</td>
<td></td>
<td>13</td>
<td>com.telemarket.report.test.ReportAgreeTest@1cf6d1be</td></tr>
<tr>
<td title='com.telemarket.report.test.ReportActivityTest.test_pageButton_2()'><b>test_pageButton_2</b><br>Test class: com.telemarket.report.test.ReportActivityTest</td>
<td></td>
<td>16</td>
<td>com.telemarket.report.test.ReportActivityTest@24569dba</td></tr>
<tr>
<td title='com.telemarket.report.test.ReportAgreeTest.test_pageButton_4()'><b>test_pageButton_4</b><br>Test class: com.telemarket.report.test.ReportAgreeTest</td>
<td></td>
<td>16</td>
<td>com.telemarket.report.test.ReportAgreeTest@1cf6d1be</td></tr>
<tr>
<td title='com.telemarket.report.test.ReportCallTrackTest.test_checkNoAgent_Valid()'><b>test_checkNoAgent_Valid</b><br>Test class: com.telemarket.report.test.ReportCallTrackTest<br/>
<a href="#Output-1799174810" onClick='toggleBox("Output-1799174810", this, "Show output", "Hide output");'>Show output</a>

<a href="#Output-1799174810" onClick="toggleAllBoxes();">Show all outputs</a>
<div class='log' id="Output-1799174810">
<img src='file://C:\Users\Nexsoft\eclipse-workspace\TELEMARKETING\hasilScreenshot\20220711_130558.png'height="450" width="1017"/><br/>
</div>
</td>
<td></td>
<td>23</td>
<td>com.telemarket.report.test.ReportCallTrackTest@5ddeb7cb</td></tr>
<tr>
<td title='com.telemarket.report.test.ReportStatusCustomerTest.test_pageButton_last()'><b>test_pageButton_last</b><br>Test class: com.telemarket.report.test.ReportStatusCustomerTest</td>
<td></td>
<td>28</td>
<td>com.telemarket.report.test.ReportStatusCustomerTest@496bc455</td></tr>
<tr>
<td title='com.telemarket.report.test.ReportCallMonitoringTest.test_goto_reportCallMonitoringPage()'><b>test_goto_reportCallMonitoringPage</b><br>Test class: com.telemarket.report.test.ReportCallMonitoringTest</td>
<td></td>
<td>6</td>
<td>com.telemarket.report.test.ReportCallMonitoringTest@70ed52de</td></tr>
<tr>
<td title='com.telemarket.report.test.ReportAgreeTest.test_pageButton_last()'><b>test_pageButton_last</b><br>Test class: com.telemarket.report.test.ReportAgreeTest</td>
<td></td>
<td>17</td>
<td>com.telemarket.report.test.ReportAgreeTest@1cf6d1be</td></tr>
<tr>
<td title='com.telemarket.report.test.ReportStatusCustomerTest.test_ShowPage_100()'><b>test_ShowPage_100</b><br>Test class: com.telemarket.report.test.ReportStatusCustomerTest</td>
<td></td>
<td>31</td>
<td>com.telemarket.report.test.ReportStatusCustomerTest@496bc455</td></tr>
<tr>
<td title='com.telemarket.report.test.ReportActivityTest.test_checkAllAgent_Valid()'><b>test_checkAllAgent_Valid</b><br>Test class: com.telemarket.report.test.ReportActivityTest</td>
<td></td>
<td>19</td>
<td>com.telemarket.report.test.ReportActivityTest@24569dba</td></tr>
<tr>
<td title='com.telemarket.report.test.ReportStatusCustomerTest.test_pageButton_2()'><b>test_pageButton_2</b><br>Test class: com.telemarket.report.test.ReportStatusCustomerTest</td>
<td></td>
<td>28</td>
<td>com.telemarket.report.test.ReportStatusCustomerTest@496bc455</td></tr>
<tr>
<td title='com.telemarket.report.test.ReportActivityTest.test_pageButton_4()'><b>test_pageButton_4</b><br>Test class: com.telemarket.report.test.ReportActivityTest</td>
<td></td>
<td>16</td>
<td>com.telemarket.report.test.ReportActivityTest@24569dba</td></tr>
<tr>
<td title='com.telemarket.report.test.ReportAgreeTest.test_showPage_25()'><b>test_showPage_25</b><br>Test class: com.telemarket.report.test.ReportAgreeTest</td>
<td></td>
<td>18</td>
<td>com.telemarket.report.test.ReportAgreeTest@1cf6d1be</td></tr>
<tr>
<td title='com.telemarket.report.test.ReportActivityTest.test_check1Agent_Valid()'><b>test_check1Agent_Valid</b><br>Test class: com.telemarket.report.test.ReportActivityTest</td>
<td></td>
<td>19</td>
<td>com.telemarket.report.test.ReportActivityTest@24569dba</td></tr>
<tr>
<td title='com.telemarket.report.test.ReportStatusCustomerTest.test_pageButton_4()'><b>test_pageButton_4</b><br>Test class: com.telemarket.report.test.ReportStatusCustomerTest</td>
<td></td>
<td>28</td>
<td>com.telemarket.report.test.ReportStatusCustomerTest@496bc455</td></tr>
<tr>
<td title='com.telemarket.report.test.ReportCallMonitoringTest.test_verif_monitoringALL_with_taskALL()'><b>test_verif_monitoringALL_with_taskALL</b><br>Test class: com.telemarket.report.test.ReportCallMonitoringTest</td>
<td></td>
<td>7</td>
<td>com.telemarket.report.test.ReportCallMonitoringTest@70ed52de</td></tr>
<tr>
<td title='com.telemarket.report.test.ReportAgreeTest.test_showPage_100()'><b>test_showPage_100</b><br>Test class: com.telemarket.report.test.ReportAgreeTest</td>
<td></td>
<td>18</td>
<td>com.telemarket.report.test.ReportAgreeTest@1cf6d1be</td></tr>
<tr>
<td title='com.telemarket.report.test.ReportActivityTest.test_ShowPage_100()'><b>test_ShowPage_100</b><br>Test class: com.telemarket.report.test.ReportActivityTest</td>
<td></td>
<td>19</td>
<td>com.telemarket.report.test.ReportActivityTest@24569dba</td></tr>
<tr>
<td title='com.telemarket.report.test.ReportStatusCustomerTest.test_pageButton_3()'><b>test_pageButton_3</b><br>Test class: com.telemarket.report.test.ReportStatusCustomerTest</td>
<td></td>
<td>28</td>
<td>com.telemarket.report.test.ReportStatusCustomerTest@496bc455</td></tr>
<tr>
<td title='com.telemarket.report.test.ReportAgreeTest.set_noEndDate()'><b>set_noEndDate</b><br>Test class: com.telemarket.report.test.ReportAgreeTest</td>
<td></td>
<td>14</td>
<td>com.telemarket.report.test.ReportAgreeTest@1cf6d1be</td></tr>
<tr>
<td title='com.telemarket.report.test.ReportStatusCustomerTest.test_ShowPage_50()'><b>test_ShowPage_50</b><br>Test class: com.telemarket.report.test.ReportStatusCustomerTest</td>
<td></td>
<td>31</td>
<td>com.telemarket.report.test.ReportStatusCustomerTest@496bc455</td></tr>
<tr>
<td title='com.telemarket.report.test.ReportAgreeTest.set_noStartDate_noEndDate()'><b>set_noStartDate_noEndDate</b><br>Test class: com.telemarket.report.test.ReportAgreeTest</td>
<td></td>
<td>11</td>
<td>com.telemarket.report.test.ReportAgreeTest@1cf6d1be</td></tr>
<tr>
<td title='com.telemarket.report.test.ReportActivityTest.test_pageButton_3()'><b>test_pageButton_3</b><br>Test class: com.telemarket.report.test.ReportActivityTest</td>
<td></td>
<td>16</td>
<td>com.telemarket.report.test.ReportActivityTest@24569dba</td></tr>
<tr>
<td title='com.telemarket.report.test.ReportActivityTest.test_checkNoAgent_Valid()'><b>test_checkNoAgent_Valid</b><br>Test class: com.telemarket.report.test.ReportActivityTest</td>
<td></td>
<td>17</td>
<td>com.telemarket.report.test.ReportActivityTest@24569dba</td></tr>
<tr>
<td title='com.telemarket.report.test.ReportActivityTest.test_check2Agent_Valid()'><b>test_check2Agent_Valid</b><br>Test class: com.telemarket.report.test.ReportActivityTest</td>
<td></td>
<td>19</td>
<td>com.telemarket.report.test.ReportActivityTest@24569dba</td></tr>
<tr>
<td title='com.telemarket.report.test.ReportActivityTest.test_ShowPage_50()'><b>test_ShowPage_50</b><br>Test class: com.telemarket.report.test.ReportActivityTest</td>
<td></td>
<td>18</td>
<td>com.telemarket.report.test.ReportActivityTest@24569dba</td></tr>
<tr>
<td title='com.telemarket.report.test.ReportStatusCustomerTest.test_ShowPage_25()'><b>test_ShowPage_25</b><br>Test class: com.telemarket.report.test.ReportStatusCustomerTest</td>
<td></td>
<td>30</td>
<td>com.telemarket.report.test.ReportStatusCustomerTest@496bc455</td></tr>
<tr>
<td title='com.telemarket.report.test.ReportAgreeTest.click_export()'><b>click_export</b><br>Test class: com.telemarket.report.test.ReportAgreeTest</td>
<td></td>
<td>13</td>
<td>com.telemarket.report.test.ReportAgreeTest@1cf6d1be</td></tr>
<tr>
<td title='com.telemarket.report.test.ReportStatusCustomerTest.test_ShowPage_500()'><b>test_ShowPage_500</b><br>Test class: com.telemarket.report.test.ReportStatusCustomerTest</td>
<td></td>
<td>38</td>
<td>com.telemarket.report.test.ReportStatusCustomerTest@496bc455</td></tr>
<tr>
<td title='com.telemarket.report.test.ReportStatusCustomerTest.test_pageButton_first()'><b>test_pageButton_first</b><br>Test class: com.telemarket.report.test.ReportStatusCustomerTest</td>
<td></td>
<td>28</td>
<td>com.telemarket.report.test.ReportStatusCustomerTest@496bc455</td></tr>
<tr>
<td title='com.telemarket.report.test.ReportStatusCustomerTest.test_ShowPage_10()'><b>test_ShowPage_10</b><br>Test class: com.telemarket.report.test.ReportStatusCustomerTest</td>
<td></td>
<td>30</td>
<td>com.telemarket.report.test.ReportStatusCustomerTest@496bc455</td></tr>
<tr>
<td title='com.telemarket.report.test.ReportAgreeTest.test_pageButton_2()'><b>test_pageButton_2</b><br>Test class: com.telemarket.report.test.ReportAgreeTest</td>
<td></td>
<td>16</td>
<td>com.telemarket.report.test.ReportAgreeTest@1cf6d1be</td></tr>
<tr>
<td title='com.telemarket.report.test.ReportCallTrackTest.test_goto_reportCallTrackPagePage()'><b>test_goto_reportCallTrackPagePage</b><br>Test class: com.telemarket.report.test.ReportCallTrackTest</td>
<td></td>
<td>6</td>
<td>com.telemarket.report.test.ReportCallTrackTest@5ddeb7cb</td></tr>
<tr>
<td title='com.telemarket.report.test.ReportStatusCustomerTest.test_goto_reportStatusCustomerPage()'><b>test_goto_reportStatusCustomerPage</b><br>Test class: com.telemarket.report.test.ReportStatusCustomerTest</td>
<td></td>
<td>14</td>
<td>com.telemarket.report.test.ReportStatusCustomerTest@496bc455</td></tr>
<tr>
<td title='com.telemarket.report.test.ReportActivityTest.test_pageButton_first()'><b>test_pageButton_first</b><br>Test class: com.telemarket.report.test.ReportActivityTest</td>
<td></td>
<td>16</td>
<td>com.telemarket.report.test.ReportActivityTest@24569dba</td></tr>
<tr>
<td title='com.telemarket.report.test.ReportActivityTest.test_pageButton_last()'><b>test_pageButton_last</b><br>Test class: com.telemarket.report.test.ReportActivityTest</td>
<td></td>
<td>17</td>
<td>com.telemarket.report.test.ReportActivityTest@24569dba</td></tr>
<tr>
<td title='com.telemarket.report.test.ReportCallMonitoringTest.test_verif_monitoringNEW_with_taskNEW()'><b>test_verif_monitoringNEW_with_taskNEW</b><br>Test class: com.telemarket.report.test.ReportCallMonitoringTest</td>
<td></td>
<td>7</td>
<td>com.telemarket.report.test.ReportCallMonitoringTest@70ed52de</td></tr>
<tr>
<td title='com.telemarket.report.test.ReportAgreeTest.test_pageButton_3()'><b>test_pageButton_3</b><br>Test class: com.telemarket.report.test.ReportAgreeTest</td>
<td></td>
<td>16</td>
<td>com.telemarket.report.test.ReportAgreeTest@1cf6d1be</td></tr>
</table><p>
</body>
</html>