<?xml version="1.0" encoding="UTF-8"?>
<!-- Generated by org.testng.reporters.JUnitXMLReporter -->
<testsuite ignored="3" hostname="DESKTOP-J61BDUF" failures="8" tests="57" name="Report" time="1231.328" errors="0" timestamp="2022-07-11T13:13:33 ICT">
  <testcase classname="com.telemarket.report.test.ReportAgreeTest" name="test_goto_report_agree_page" time="8.91"/>
  <testcase classname="com.telemarket.report.test.ReportAgreeTest" name="set_startDate_endDate_valid" time="16.35"/>
  <testcase classname="com.telemarket.report.test.ReportAgreeTest" name="set_noStartDate_noEndDate" time="11.17"/>
  <testcase classname="com.telemarket.report.test.ReportAgreeTest" name="set_noEndDate" time="14.073"/>
  <testcase classname="com.telemarket.report.test.ReportAgreeTest" name="set_noStartDate" time="13.61"/>
  <testcase classname="com.telemarket.report.test.ReportAgreeTest" name="set_endDateBeforeStartDate" time="22.299">
    <failure type="java.lang.AssertionError" message="expected [true] but found [false]">
      <![CDATA[java.lang.AssertionError: expected [true] but found [false]
at com.telemarket.utilities.OtherFunc.verifActivityDate(OtherFunc.java:114)
at com.telemarket.report.pom.ReportAgreePage.checkActivityDate(ReportAgreePage.java:63)
at com.telemarket.report.test.ReportAgreeTest.set_endDateBeforeStartDate(ReportAgreeTest.java:152)
at java.base/java.util.ArrayList.forEach(ArrayList.java:1541)
... Removed 31 stack frames]]>
    </failure>
  </testcase> <!-- set_endDateBeforeStartDate -->
  <testcase classname="com.telemarket.report.test.ReportAgreeTest" name="set_StartDateEndDateAfterCurrentDate" time="25.234">
    <failure type="java.lang.AssertionError" message="expected [true] but found [false]">
      <![CDATA[java.lang.AssertionError: expected [true] but found [false]
at com.telemarket.utilities.OtherFunc.verifActivityDate(OtherFunc.java:114)
at com.telemarket.report.pom.ReportAgreePage.checkActivityDate(ReportAgreePage.java:63)
at com.telemarket.report.test.ReportAgreeTest.set_StartDateEndDateAfterCurrentDate(ReportAgreeTest.java:177)
at java.base/java.util.ArrayList.forEach(ArrayList.java:1541)
... Removed 31 stack frames]]>
    </failure>
  </testcase> <!-- set_StartDateEndDateAfterCurrentDate -->
  <testcase classname="com.telemarket.report.test.ReportAgreeTest" name="click_export" time="13.322"/>
  <testcase classname="com.telemarket.report.test.ReportAgreeTest" name="check_reportAgree_dataAgree" time="16.511"/>
  <testcase classname="com.telemarket.report.test.ReportAgreeTest" name="test_pageButton_first" time="16.341"/>
  <testcase classname="com.telemarket.report.test.ReportAgreeTest" name="test_pageButton_2" time="16.347"/>
  <testcase classname="com.telemarket.report.test.ReportAgreeTest" name="test_pageButton_3" time="16.301"/>
  <testcase classname="com.telemarket.report.test.ReportAgreeTest" name="test_pageButton_4" time="16.312"/>
  <testcase classname="com.telemarket.report.test.ReportAgreeTest" name="test_pageButton_last" time="17.116"/>
  <testcase classname="com.telemarket.report.test.ReportAgreeTest" name="test_showPage_10" time="18.362"/>
  <testcase classname="com.telemarket.report.test.ReportAgreeTest" name="test_showPage_25" time="18.616"/>
  <testcase classname="com.telemarket.report.test.ReportAgreeTest" name="test_showPage_50" time="18.953"/>
  <testcase classname="com.telemarket.report.test.ReportAgreeTest" name="test_showPage_100" time="18.961"/>
  <testcase classname="com.telemarket.report.test.ReportAgreeTest" name="test_showPage_500" time="19.121"/>
  <testcase classname="com.telemarket.report.test.ReportActivityTest" name="test_goto_reportActivityPage" time="6.872"/>
  <testcase classname="com.telemarket.report.test.ReportActivityTest" name="test_checkNoAgent_Valid" time="17.325"/>
  <testcase classname="com.telemarket.report.test.ReportActivityTest" name="test_check1Agent_Valid" time="19.462"/>
  <testcase classname="com.telemarket.report.test.ReportActivityTest" name="test_check2Agent_Valid" time="19.535"/>
  <testcase classname="com.telemarket.report.test.ReportActivityTest" name="test_check3Agent_Valid" time="19.823"/>
  <testcase classname="com.telemarket.report.test.ReportActivityTest" name="test_checkAllAgent_Valid" time="19.791"/>
  <testcase classname="com.telemarket.report.test.ReportActivityTest" name="test_checkEmptying_fieldDate" time="11.341">
    <failure type="java.lang.AssertionError" message="expected [true] but found [false]">
      <![CDATA[java.lang.AssertionError: expected [true] but found [false]
at com.telemarket.report.test.ReportActivityTest.test_checkEmptying_fieldDate(ReportActivityTest.java:199)
at java.base/java.util.ArrayList.forEach(ArrayList.java:1541)
... Removed 31 stack frames]]>
    </failure>
  </testcase> <!-- test_checkEmptying_fieldDate -->
  <testcase classname="com.telemarket.report.test.ReportActivityTest" name="set_endDateBeforeStartDate" time="22.457">
    <failure type="java.lang.AssertionError" message="expected [true] but found [false]">
      <![CDATA[java.lang.AssertionError: expected [true] but found [false]
at com.telemarket.utilities.OtherFunc.verifActivityDate(OtherFunc.java:114)
at com.telemarket.report.pom.ReportActivityPage.checkActivityDate(ReportActivityPage.java:119)
at com.telemarket.report.test.ReportActivityTest.set_endDateBeforeStartDate(ReportActivityTest.java:225)
at java.base/java.util.ArrayList.forEach(ArrayList.java:1541)
... Removed 31 stack frames]]>
    </failure>
  </testcase> <!-- set_endDateBeforeStartDate -->
  <testcase classname="com.telemarket.report.test.ReportActivityTest" name="set_StartDateEndDateAfterCurrentDate" time="16.632">
    <failure type="java.lang.AssertionError" message="expected [true] but found [false]">
      <![CDATA[java.lang.AssertionError: expected [true] but found [false]
at com.telemarket.utilities.OtherFunc.verifActivityDate(OtherFunc.java:114)
at com.telemarket.report.pom.ReportActivityPage.checkActivityDate(ReportActivityPage.java:119)
at com.telemarket.report.test.ReportActivityTest.set_StartDateEndDateAfterCurrentDate(ReportActivityTest.java:250)
at java.base/java.util.ArrayList.forEach(ArrayList.java:1541)
... Removed 31 stack frames]]>
    </failure>
  </testcase> <!-- set_StartDateEndDateAfterCurrentDate -->
  <testcase classname="com.telemarket.report.test.ReportActivityTest" name="test_pageButton_first" time="16.239"/>
  <testcase classname="com.telemarket.report.test.ReportActivityTest" name="test_pageButton_2" time="16.295"/>
  <testcase classname="com.telemarket.report.test.ReportActivityTest" name="test_pageButton_3" time="16.395"/>
  <testcase classname="com.telemarket.report.test.ReportActivityTest" name="test_pageButton_4" time="16.417"/>
  <testcase classname="com.telemarket.report.test.ReportActivityTest" name="test_pageButton_last" time="17.425"/>
  <testcase classname="com.telemarket.report.test.ReportActivityTest" name="test_ShowPage_10" time="18.419"/>
  <testcase classname="com.telemarket.report.test.ReportActivityTest" name="test_ShowPage_25" time="18.643"/>
  <testcase classname="com.telemarket.report.test.ReportActivityTest" name="test_ShowPage_50" time="18.981"/>
  <testcase classname="com.telemarket.report.test.ReportActivityTest" name="test_ShowPage_100" time="19.89"/>
  <testcase classname="com.telemarket.report.test.ReportActivityTest" name="test_ShowPage_500" time="26.398"/>
  <testcase classname="com.telemarket.report.test.ReportCallTrackTest" name="test_goto_reportCallTrackPagePage" time="6.891"/>
  <testcase classname="com.telemarket.report.test.ReportCallTrackTest" name="test_checkNoAgent_Valid" time="23.711"/>
  <testcase classname="com.telemarket.report.test.ReportCallTrackTest" name="test_check1Agent_Valid" time="23.654">
    <failure type="java.lang.AssertionError" message="expected [true] but found [false]">
      <![CDATA[java.lang.AssertionError: expected [true] but found [false]
at com.telemarket.utilities.OtherFunc.verifDataOnlyInArray(OtherFunc.java:178)
at com.telemarket.report.pom.ReportCallTrackPage.checkCallTrackAgentArray(ReportCallTrackPage.java:131)
at com.telemarket.report.test.ReportCallTrackTest.test_check1Agent_Valid(ReportCallTrackTest.java:114)
at java.base/java.util.ArrayList.forEach(ArrayList.java:1541)
... Removed 31 stack frames]]>
    </failure>
  </testcase> <!-- test_check1Agent_Valid -->
  <testcase classname="com.telemarket.report.test.ReportCallTrackTest" name="test_check2Agent_Valid" time="25.709">
    <failure type="java.lang.AssertionError" message="expected [true] but found [false]">
      <![CDATA[java.lang.AssertionError: expected [true] but found [false]
at com.telemarket.utilities.OtherFunc.verifDataOnlyInArray(OtherFunc.java:178)
at com.telemarket.report.pom.ReportCallTrackPage.checkCallTrackAgentArray(ReportCallTrackPage.java:131)
at com.telemarket.report.test.ReportCallTrackTest.test_check2Agent_Valid(ReportCallTrackTest.java:149)
at java.base/java.util.ArrayList.forEach(ArrayList.java:1541)
... Removed 31 stack frames]]>
    </failure>
  </testcase> <!-- test_check2Agent_Valid -->
  <testcase classname="com.telemarket.report.test.ReportCallTrackTest" name="test_checkAllAgent_Valid" time="18.477">
    <failure type="java.lang.AssertionError" message="expected [true] but found [false]">
      <![CDATA[java.lang.AssertionError: expected [true] but found [false]
at com.telemarket.utilities.OtherFunc.verifDataOnlyInArray(OtherFunc.java:178)
at com.telemarket.report.pom.ReportCallTrackPage.checkCallTrackAgentArray(ReportCallTrackPage.java:131)
at com.telemarket.report.test.ReportCallTrackTest.test_checkAllAgent_Valid(ReportCallTrackTest.java:177)
at java.base/java.util.ArrayList.forEach(ArrayList.java:1541)
... Removed 31 stack frames]]>
    </failure>
  </testcase> <!-- test_checkAllAgent_Valid -->
  <testcase classname="com.telemarket.report.test.ReportCallMonitoringTest" name="test_goto_reportCallMonitoringPage" time="6.966"/>
  <testcase classname="com.telemarket.report.test.ReportCallMonitoringTest" name="test_verif_monitoringALL_with_taskALL" time="7.912"/>
  <testcase classname="com.telemarket.report.test.ReportCallMonitoringTest" name="test_verif_monitoringNEW_with_taskNEW" time="7.932"/>
  <testcase classname="com.telemarket.report.test.ReportStatusCustomerTest" name="test_goto_reportStatusCustomerPage" time="14.239"/>
  <testcase classname="com.telemarket.report.test.ReportStatusCustomerTest" name="test_pageButton_first" time="28.505"/>
  <testcase classname="com.telemarket.report.test.ReportStatusCustomerTest" name="test_pageButton_2" time="28.615"/>
  <testcase classname="com.telemarket.report.test.ReportStatusCustomerTest" name="test_pageButton_3" time="28.254"/>
  <testcase classname="com.telemarket.report.test.ReportStatusCustomerTest" name="test_pageButton_4" time="28.317"/>
  <testcase classname="com.telemarket.report.test.ReportStatusCustomerTest" name="test_pageButton_last" time="28.256"/>
  <testcase classname="com.telemarket.report.test.ReportStatusCustomerTest" name="test_ShowPage_10" time="30.383"/>
  <testcase classname="com.telemarket.report.test.ReportStatusCustomerTest" name="test_ShowPage_25" time="30.677"/>
  <testcase classname="com.telemarket.report.test.ReportStatusCustomerTest" name="test_ShowPage_50" time="31.447"/>
  <testcase classname="com.telemarket.report.test.ReportStatusCustomerTest" name="test_ShowPage_100" time="31.969"/>
  <testcase classname="com.telemarket.report.test.ReportStatusCustomerTest" name="test_ShowPage_500" time="38.39"/>
  <testcase classname="com.telemarket.report.test.ReportStatusCustomerTest" name="click_export" time="0.0">
    <ignored/>
  </testcase> <!-- click_export -->
  <testcase classname="com.telemarket.report.test.ReportCallTrackTest" name="click_export" time="0.0">
    <ignored/>
  </testcase> <!-- click_export -->
  <testcase classname="com.telemarket.report.test.ReportActivityTest" name="click_export" time="0.0">
    <ignored/>
  </testcase> <!-- click_export -->
</testsuite> <!-- Report -->
