<!DOCTYPE html PUBLIC "-//W3C//DTD XHTML 1.1//EN" "https://www.w3.org/TR/xhtml11/DTD/xhtml11.dtd">
<html xmlns="https://www.w3.org/1999/xhtml">
<head>
<meta http-equiv="content-type" content="text/html; charset=UTF-8"/>
<title>TestNG Report</title>
<style type="text/css">table {margin-bottom:10px;border-collapse:collapse;empty-cells:show}th,td {border:1px solid #009;padding:.25em .5em}th {vertical-align:bottom}td {vertical-align:top}table a {font-weight:bold}.stripe td {background-color: #E6EBF9}.num {text-align:right}.passedodd td {background-color: #3F3}.passedeven td {background-color: #0A0}.skippedodd td {background-color: #DDD}.skippedeven td {background-color: #CCC}.failedodd td,.attn {background-color: #F33}.failedeven td,.stripe .attn {background-color: #D00}.stacktrace {white-space:pre;font-family:monospace}.totop {font-size:85%;text-align:center;border-bottom:2px solid #000}.invisible {display:none}</style>
</head>
<body>
<table>
<tr><th>Test</th><th># Passed</th><th># Skipped</th><th># Retried</th><th># Failed</th><th>Time (ms)</th><th>Included Groups</th><th>Excluded Groups</th></tr>
<tr><th colspan="8">SuiteTest</th></tr>
<tr><td><a href="#t0">Task</a></td><td class="num">51</td><td class="num">0</td><td class="num">0</td><td class="num attn">8</td><td class="num">714.741</td><td></td><td></td></tr>
</table>
<table id='summary'><thead><tr><th>Class</th><th>Method</th><th>Start</th><th>Time (ms)</th></tr></thead><tbody><tr><th colspan="4">SuiteTest</th></tr></tbody><tbody id="t0"><tr><th colspan="4">Task &#8212; failed</th></tr><tr class="failedeven"><td rowspan="1">com.telemarket.task.test.TLMKT_TestDataAll</td><td><a href="#m0">test_all_search_clickGreen</a></td><td rowspan="1">1657179437452</td><td rowspan="1">17</td></tr><tr class="failedodd"><td rowspan="2">com.telemarket.task.test.TLMKT_TestTaskFinal</td><td><a href="#m1">testFinal_clickTable_gotoActivity</a></td><td rowspan="1">1657179459255</td><td rowspan="1">12802</td></tr><tr class="failedodd"><td><a href="#m2">test_final_search_valid_greenBtn</a></td><td rowspan="1">1657179459006</td><td rowspan="1">16</td></tr><tr class="failedeven"><td rowspan="3">com.telemarket.task.test.TLMKT_TestTaskFollowUp</td><td><a href="#m3">testFollowUp_clickTable_gotoActivity</a></td><td rowspan="1">1657179200673</td><td rowspan="1">12</td></tr><tr class="failedeven"><td><a href="#m4">test_followUp_search_empty_and_unusual</a></td><td rowspan="1">1657179152036</td><td rowspan="1">17</td></tr><tr class="failedeven"><td><a href="#m5">test_followUp_search_valid</a></td><td rowspan="1">1657179151667</td><td rowspan="1">15</td></tr><tr class="failedodd"><td rowspan="2">com.telemarket.task.test.TLMKT_TestTaskNew</td><td><a href="#m6">test_newActivity_phoneSelect_phoneAdd_valid</a></td><td rowspan="1">1657178969555</td><td rowspan="1">21</td></tr><tr class="failedodd"><td><a href="#m7">test_new_search_empty_and_unusual</a></td><td rowspan="1">1657178916280</td><td rowspan="1">19</td></tr><tr><th colspan="4">Task &#8212; passed</th></tr><tr class="passedeven"><td rowspan="16">com.telemarket.task.test.TLMKT_TestDataAll</td><td><a href="#m8">testAll_clickTable_gotoActivity</a></td><td rowspan="1">1657179406197</td><td rowspan="1">30905</td></tr><tr class="passedeven"><td><a href="#m9">test_all_export_data</a></td><td rowspan="1">1657179393033</td><td rowspan="1">12799</td></tr><tr class="passedeven"><td><a href="#m10">test_all_search_agent</a></td><td rowspan="1">1657179315326</td><td rowspan="1">11732</td></tr><tr class="passedeven"><td><a href="#m11">test_all_search_agent_status</a></td><td rowspan="1">1657179366376</td><td rowspan="1">12794</td></tr><tr class="passedeven"><td><a href="#m12">test_all_search_customer_agent</a></td><td rowspan="1">1657179339949</td><td rowspan="1">12830</td></tr><tr class="passedeven"><td><a href="#m13">test_all_search_customer_agent_status</a></td><td rowspan="1">1657179379770</td><td rowspan="1">12879</td></tr><tr class="passedeven"><td><a href="#m14">test_all_search_customer_status</a></td><td rowspan="1">1657179353149</td><td rowspan="1">12868</td></tr><tr class="passedeven"><td><a href="#m15">test_all_search_empty</a></td><td rowspan="2">1657179304158</td><td rowspan="2">10774</td></tr><tr class="passedeven"><td><a href="#m16">test_all_search_empty</a></td></tr><tr class="passedeven"><td><a href="#m17">test_all_search_empty_and_unusual</a></td><td rowspan="3">1657179250231</td><td rowspan="3">13920</td></tr><tr class="passedeven"><td><a href="#m18">test_all_search_empty_and_unusual</a></td></tr><tr class="passedeven"><td><a href="#m19">test_all_search_empty_and_unusual</a></td></tr><tr class="passedeven"><td><a href="#m20">test_all_search_status</a></td><td rowspan="1">1657179327451</td><td rowspan="1">12030</td></tr><tr class="passedeven"><td><a href="#m21">test_all_search_valid</a></td><td rowspan="3">1657179233871</td><td rowspan="3">16021</td></tr><tr class="passedeven"><td><a href="#m22">test_all_search_valid</a></td></tr><tr class="passedeven"><td><a href="#m23">test_all_search_valid</a></td></tr><tr class="passedodd"><td rowspan="7">com.telemarket.task.test.TLMKT_TestLogin</td><td><a href="#m24">testLogin_usernameAndPasswordValid_clickGreenPassword</a></td><td rowspan="1">1657178826895</td><td rowspan="1">7075</td></tr><tr class="passedodd"><td><a href="#m25">testLogin_usernameAndPasswordValid_clickGreenUsername</a></td><td rowspan="1">1657178818960</td><td rowspan="1">7463</td></tr><tr class="passedodd"><td><a href="#m26">testNavigate</a></td><td rowspan="1">1657178834265</td><td rowspan="1">20347</td></tr><tr class="passedodd"><td><a href="#m27">test_login_username_empty_password_empty</a></td><td rowspan="1">1657178815539</td><td rowspan="1">2742</td></tr><tr class="passedodd"><td><a href="#m28">test_login_username_invalid_password_invalid</a></td><td rowspan="1">1657178812076</td><td rowspan="1">2831</td></tr><tr class="passedodd"><td><a href="#m29">test_login_username_valid_password_invalid</a></td><td rowspan="1">1657178808738</td><td rowspan="1">2678</td></tr><tr class="passedodd"><td><a href="#m30">test_login_username_valid_password_valid</a></td><td rowspan="1">1657178800717</td><td rowspan="1">7662</td></tr><tr class="passedeven"><td rowspan="9">com.telemarket.task.test.TLMKT_TestTaskAgree</td><td><a href="#m31">testAgree_clickTable_gotoActivity</a></td><td rowspan="1">1657179099766</td><td rowspan="1">28950</td></tr><tr class="passedeven"><td><a href="#m32">test_agree_export_data</a></td><td rowspan="1">1657179087803</td><td rowspan="1">11621</td></tr><tr class="passedeven"><td><a href="#m33">test_agree_search_empty_and_unusual</a></td><td rowspan="4">1657179063598</td><td rowspan="4">11849</td></tr><tr class="passedeven"><td><a href="#m34">test_agree_search_empty_and_unusual</a></td></tr><tr class="passedeven"><td><a href="#m35">test_agree_search_empty_and_unusual</a></td></tr><tr class="passedeven"><td><a href="#m36">test_agree_search_empty_and_unusual</a></td></tr><tr class="passedeven"><td><a href="#m37">test_agree_search_valid</a></td><td rowspan="3">1657179016775</td><td rowspan="3">10942</td></tr><tr class="passedeven"><td><a href="#m38">test_agree_search_valid</a></td></tr><tr class="passedeven"><td><a href="#m39">test_agree_search_valid</a></td></tr><tr class="passedodd"><td rowspan="2">com.telemarket.task.test.TLMKT_TestTaskFinal</td><td><a href="#m40">test_final_page</a></td><td rowspan="1">1657179437848</td><td rowspan="1">7679</td></tr><tr class="passedodd"><td><a href="#m41">test_final_search_valid</a></td><td rowspan="1">1657179445833</td><td rowspan="1">12877</td></tr><tr class="passedeven"><td rowspan="6">com.telemarket.task.test.TLMKT_TestTaskFollowUp</td><td><a href="#m42">test_followUp_export_data</a></td><td rowspan="1">1657179188700</td><td rowspan="1">11645</td></tr><tr class="passedeven"><td><a href="#m43">test_followUp_search_empty_and_unusual</a></td><td rowspan="3">1657179164424</td><td rowspan="3">11874</td></tr><tr class="passedeven"><td><a href="#m44">test_followUp_search_empty_and_unusual</a></td></tr><tr class="passedeven"><td><a href="#m45">test_followUp_search_empty_and_unusual</a></td></tr><tr class="passedeven"><td><a href="#m46">test_followUp_search_valid</a></td><td rowspan="2">1657179129196</td><td rowspan="2">10880</td></tr><tr class="passedeven"><td><a href="#m47">test_followUp_search_valid</a></td></tr><tr class="passedodd"><td rowspan="11">com.telemarket.task.test.TLMKT_TestTaskNew</td><td><a href="#m48">test_clickTable_gotoActivity</a></td><td rowspan="1">1657178928527</td><td rowspan="1">26992</td></tr><tr class="passedodd"><td><a href="#m49">test_newActivity_phoneSelect_phoneAddCancel</a></td><td rowspan="1">1657178955892</td><td rowspan="1">13285</td></tr><tr class="passedodd"><td><a href="#m50">test_newActivity_phoneSelect_phoneAdd_invalid</a></td><td rowspan="2">1657178969839</td><td rowspan="2">17362</td></tr><tr class="passedodd"><td><a href="#m51">test_newActivity_phoneSelect_phoneAdd_invalid</a></td></tr><tr class="passedodd"><td><a href="#m52">test_new_export_data</a></td><td rowspan="1">1657178916537</td><td rowspan="1">11656</td></tr><tr class="passedodd"><td><a href="#m53">test_new_search_empty_and_unusual</a></td><td rowspan="3">1657178906128</td><td rowspan="3">9815</td></tr><tr class="passedodd"><td><a href="#m54">test_new_search_empty_and_unusual</a></td></tr><tr class="passedodd"><td><a href="#m55">test_new_search_empty_and_unusual</a></td></tr><tr class="passedodd"><td><a href="#m56">test_new_search_valid</a></td><td rowspan="3">1657178875674</td><td rowspan="3">9833</td></tr><tr class="passedodd"><td><a href="#m57">test_new_search_valid</a></td></tr><tr class="passedodd"><td><a href="#m58">test_new_search_valid</a></td></tr></tbody>
</table>
<h2>Task</h2><h3 id="m0">com.telemarket.task.test.TLMKT_TestDataAll#test_all_search_clickGreen</h3><table class="result"><tr><th>Exception</th></tr><tr><td><div class="stacktrace">org.openqa.selenium.NoSuchElementException: no such element: Unable to locate element: {&quot;method&quot;:&quot;css selector&quot;,&quot;selector&quot;:&quot;#tl_login\-1\-51550_text&quot;}
  (Session info: chrome=103.0.5060.114)
For documentation on this error, please visit: https://selenium.dev/exceptions/#no_such_element
Build info: version: &apos;4.0.0&apos;, revision: &apos;3a21814679&apos;
System info: host: &apos;DESKTOP-0MGR9KI&apos;, ip: &apos;10.0.0.221&apos;, os.name: &apos;Windows 11&apos;, os.arch: &apos;amd64&apos;, os.version: &apos;10.0&apos;, java.version: &apos;17.0.2&apos;
Driver info: org.openqa.selenium.chrome.ChromeDriver
Command: [8880391bcac1173bbaafc15d16c00890, findElement {using=id, value=tl_login-1-51550_text}]
Capabilities {acceptInsecureCerts: false, browserName: chrome, browserVersion: 103.0.5060.114, chrome: {chromedriverVersion: 102.0.5005.61 (0e59bcc00cc4..., userDataDir: C:\Users\nexsoft\AppData\Lo...}, goog:chromeOptions: {debuggerAddress: localhost:56390}, javascriptEnabled: true, networkConnectionEnabled: false, pageLoadStrategy: normal, platform: WINDOWS, platformName: WINDOWS, proxy: Proxy(), se:cdp: ws://localhost:56390/devtoo..., se:cdpVersion: 103.0.5060.114, setWindowRect: true, strictFileInteractability: false, timeouts: {implicit: 0, pageLoad: 300000, script: 30000}, unhandledPromptBehavior: dismiss and notify, webauthn:extension:credBlob: true, webauthn:extension:largeBlob: true, webauthn:virtualAuthenticators: true}
Session ID: 8880391bcac1173bbaafc15d16c00890
	at org.openqa.selenium.remote.codec.w3c.W3CHttpResponseCodec.createException(W3CHttpResponseCodec.java:200)
	at org.openqa.selenium.remote.codec.w3c.W3CHttpResponseCodec.decode(W3CHttpResponseCodec.java:133)
	at org.openqa.selenium.remote.codec.w3c.W3CHttpResponseCodec.decode(W3CHttpResponseCodec.java:53)
	at org.openqa.selenium.remote.HttpCommandExecutor.execute(HttpCommandExecutor.java:184)
	at org.openqa.selenium.remote.service.DriverCommandExecutor.invokeExecute(DriverCommandExecutor.java:164)
	at org.openqa.selenium.remote.service.DriverCommandExecutor.execute(DriverCommandExecutor.java:139)
	at org.openqa.selenium.remote.RemoteWebDriver.execute(RemoteWebDriver.java:559)
	at org.openqa.selenium.remote.ElementLocation$ElementFinder$2.findElement(ElementLocation.java:162)
	at org.openqa.selenium.remote.ElementLocation.findElement(ElementLocation.java:60)
	at org.openqa.selenium.remote.RemoteWebDriver.findElement(RemoteWebDriver.java:383)
	at org.openqa.selenium.remote.RemoteWebDriver.findElement(RemoteWebDriver.java:375)
	at org.openqa.selenium.support.pagefactory.DefaultElementLocator.findElement(DefaultElementLocator.java:70)
	at org.openqa.selenium.support.pagefactory.internal.LocatingElementHandler.invoke(LocatingElementHandler.java:39)
	at jdk.proxy2/jdk.proxy2.$Proxy18.clear(Unknown Source)
	at com.telemarket.task.pom.LoginPage.loginToMainPage(LoginPage.java:54)
	at com.telemarket.task.test.TLMKT_TestDataAll.test_all_search_clickGreen(TLMKT_TestDataAll.java:478)
	at java.base/java.util.ArrayList.forEach(ArrayList.java:1511)
... Removed 32 stack frames</div></td></tr></table><p class="totop"><a href="#summary">back to summary</a></p>
<h3 id="m1">com.telemarket.task.test.TLMKT_TestTaskFinal#testFinal_clickTable_gotoActivity</h3><table class="result"><tr><th>Exception</th></tr><tr><td><div class="stacktrace">org.openqa.selenium.StaleElementReferenceException: stale element reference: element is not attached to the page document
  (Session info: chrome=103.0.5060.114)
For documentation on this error, please visit: https://selenium.dev/exceptions/#stale_element_reference
Build info: version: &apos;4.0.0&apos;, revision: &apos;3a21814679&apos;
System info: host: &apos;DESKTOP-0MGR9KI&apos;, ip: &apos;10.0.0.221&apos;, os.name: &apos;Windows 11&apos;, os.arch: &apos;amd64&apos;, os.version: &apos;10.0&apos;, java.version: &apos;17.0.2&apos;
Driver info: org.openqa.selenium.chrome.ChromeDriver
Command: [ea18e89940b25fc6e80b1a6729d77804, clickElement {id=79bc30fd-bdaf-4eda-840b-6634e3767a15}]
Capabilities {acceptInsecureCerts: false, browserName: chrome, browserVersion: 103.0.5060.114, chrome: {chromedriverVersion: 102.0.5005.61 (0e59bcc00cc4..., userDataDir: C:\Users\nexsoft\AppData\Lo...}, goog:chromeOptions: {debuggerAddress: localhost:56482}, javascriptEnabled: true, networkConnectionEnabled: false, pageLoadStrategy: normal, platform: WINDOWS, platformName: WINDOWS, proxy: Proxy(), se:cdp: ws://localhost:56482/devtoo..., se:cdpVersion: 103.0.5060.114, setWindowRect: true, strictFileInteractability: false, timeouts: {implicit: 0, pageLoad: 300000, script: 30000}, unhandledPromptBehavior: dismiss and notify, webauthn:extension:credBlob: true, webauthn:extension:largeBlob: true, webauthn:virtualAuthenticators: true}
Element: [[ChromeDriver: chrome on WINDOWS (ea18e89940b25fc6e80b1a6729d77804)] -&gt; xpath: (//a[@href=&apos;#&apos;][normalize-space()=&apos;6&apos;])[1]]
Session ID: ea18e89940b25fc6e80b1a6729d77804
	at org.openqa.selenium.remote.codec.w3c.W3CHttpResponseCodec.createException(W3CHttpResponseCodec.java:200)
	at org.openqa.selenium.remote.codec.w3c.W3CHttpResponseCodec.decode(W3CHttpResponseCodec.java:133)
	at org.openqa.selenium.remote.codec.w3c.W3CHttpResponseCodec.decode(W3CHttpResponseCodec.java:53)
	at org.openqa.selenium.remote.HttpCommandExecutor.execute(HttpCommandExecutor.java:184)
	at org.openqa.selenium.remote.service.DriverCommandExecutor.invokeExecute(DriverCommandExecutor.java:164)
	at org.openqa.selenium.remote.service.DriverCommandExecutor.execute(DriverCommandExecutor.java:139)
	at org.openqa.selenium.remote.RemoteWebDriver.execute(RemoteWebDriver.java:559)
	at org.openqa.selenium.remote.RemoteWebElement.execute(RemoteWebElement.java:251)
	at org.openqa.selenium.remote.RemoteWebElement.click(RemoteWebElement.java:77)
	at org.openqa.selenium.support.pagefactory.internal.LocatingElementHandler.invoke(LocatingElementHandler.java:52)
	at jdk.proxy2/jdk.proxy2.$Proxy18.click(Unknown Source)
	at com.telemarket.task.pom.TaskFinalPage.clickPage6(TaskFinalPage.java:150)
	at com.telemarket.task.test.TLMKT_TestTaskFinal.testFinal_clickTable_gotoActivity(TLMKT_TestTaskFinal.java:165)
	at java.base/java.util.ArrayList.forEach(ArrayList.java:1511)
... Removed 35 stack frames</div></td></tr></table><p class="totop"><a href="#summary">back to summary</a></p>
<h3 id="m2">com.telemarket.task.test.TLMKT_TestTaskFinal#test_final_search_valid_greenBtn</h3><table class="result"><tr class="param"><th>Parameter #1</th><th>Parameter #2</th></tr><tr class="param stripe"><td>warungkopiyoi</td><td>https://tokko.io/warungkopiyoi0</td></tr><tr><th colspan="2">Exception</th></tr><tr><td colspan="2"><div class="stacktrace">org.openqa.selenium.NoSuchElementException: no such element: Unable to locate element: {&quot;method&quot;:&quot;css selector&quot;,&quot;selector&quot;:&quot;#tl_login\-1\-51550_text&quot;}
  (Session info: chrome=103.0.5060.114)
For documentation on this error, please visit: https://selenium.dev/exceptions/#no_such_element
Build info: version: &apos;4.0.0&apos;, revision: &apos;3a21814679&apos;
System info: host: &apos;DESKTOP-0MGR9KI&apos;, ip: &apos;10.0.0.221&apos;, os.name: &apos;Windows 11&apos;, os.arch: &apos;amd64&apos;, os.version: &apos;10.0&apos;, java.version: &apos;17.0.2&apos;
Driver info: org.openqa.selenium.chrome.ChromeDriver
Command: [ea18e89940b25fc6e80b1a6729d77804, findElement {using=id, value=tl_login-1-51550_text}]
Capabilities {acceptInsecureCerts: false, browserName: chrome, browserVersion: 103.0.5060.114, chrome: {chromedriverVersion: 102.0.5005.61 (0e59bcc00cc4..., userDataDir: C:\Users\nexsoft\AppData\Lo...}, goog:chromeOptions: {debuggerAddress: localhost:56482}, javascriptEnabled: true, networkConnectionEnabled: false, pageLoadStrategy: normal, platform: WINDOWS, platformName: WINDOWS, proxy: Proxy(), se:cdp: ws://localhost:56482/devtoo..., se:cdpVersion: 103.0.5060.114, setWindowRect: true, strictFileInteractability: false, timeouts: {implicit: 0, pageLoad: 300000, script: 30000}, unhandledPromptBehavior: dismiss and notify, webauthn:extension:credBlob: true, webauthn:extension:largeBlob: true, webauthn:virtualAuthenticators: true}
Session ID: ea18e89940b25fc6e80b1a6729d77804
	at org.openqa.selenium.remote.codec.w3c.W3CHttpResponseCodec.createException(W3CHttpResponseCodec.java:200)
	at org.openqa.selenium.remote.codec.w3c.W3CHttpResponseCodec.decode(W3CHttpResponseCodec.java:133)
	at org.openqa.selenium.remote.codec.w3c.W3CHttpResponseCodec.decode(W3CHttpResponseCodec.java:53)
	at org.openqa.selenium.remote.HttpCommandExecutor.execute(HttpCommandExecutor.java:184)
	at org.openqa.selenium.remote.service.DriverCommandExecutor.invokeExecute(DriverCommandExecutor.java:164)
	at org.openqa.selenium.remote.service.DriverCommandExecutor.execute(DriverCommandExecutor.java:139)
	at org.openqa.selenium.remote.RemoteWebDriver.execute(RemoteWebDriver.java:559)
	at org.openqa.selenium.remote.ElementLocation$ElementFinder$2.findElement(ElementLocation.java:162)
	at org.openqa.selenium.remote.ElementLocation.findElement(ElementLocation.java:60)
	at org.openqa.selenium.remote.RemoteWebDriver.findElement(RemoteWebDriver.java:383)
	at org.openqa.selenium.remote.RemoteWebDriver.findElement(RemoteWebDriver.java:375)
	at org.openqa.selenium.support.pagefactory.DefaultElementLocator.findElement(DefaultElementLocator.java:70)
	at org.openqa.selenium.support.pagefactory.internal.LocatingElementHandler.invoke(LocatingElementHandler.java:39)
	at jdk.proxy2/jdk.proxy2.$Proxy18.clear(Unknown Source)
	at com.telemarket.task.pom.LoginPage.loginToMainPage(LoginPage.java:54)
	at com.telemarket.task.test.TLMKT_TestTaskFinal.test_final_search_valid_greenBtn(TLMKT_TestTaskFinal.java:113)
	at java.base/java.util.ArrayList.forEach(ArrayList.java:1511)
... Removed 32 stack frames</div></td></tr></table><p class="totop"><a href="#summary">back to summary</a></p>
<h3 id="m3">com.telemarket.task.test.TLMKT_TestTaskFollowUp#testFollowUp_clickTable_gotoActivity</h3><table class="result"><tr><th>Exception</th></tr><tr><td><div class="stacktrace">org.openqa.selenium.NoSuchElementException: no such element: Unable to locate element: {&quot;method&quot;:&quot;css selector&quot;,&quot;selector&quot;:&quot;#tl_login\-1\-51550_text&quot;}
  (Session info: chrome=103.0.5060.114)
For documentation on this error, please visit: https://selenium.dev/exceptions/#no_such_element
Build info: version: &apos;4.0.0&apos;, revision: &apos;3a21814679&apos;
System info: host: &apos;DESKTOP-0MGR9KI&apos;, ip: &apos;10.0.0.221&apos;, os.name: &apos;Windows 11&apos;, os.arch: &apos;amd64&apos;, os.version: &apos;10.0&apos;, java.version: &apos;17.0.2&apos;
Driver info: org.openqa.selenium.chrome.ChromeDriver
Command: [e0c318648df454a9e8367ba8760f248c, findElement {using=id, value=tl_login-1-51550_text}]
Capabilities {acceptInsecureCerts: false, browserName: chrome, browserVersion: 103.0.5060.114, chrome: {chromedriverVersion: 102.0.5005.61 (0e59bcc00cc4..., userDataDir: C:\Users\nexsoft\AppData\Lo...}, goog:chromeOptions: {debuggerAddress: localhost:56506}, javascriptEnabled: true, networkConnectionEnabled: false, pageLoadStrategy: normal, platform: WINDOWS, platformName: WINDOWS, proxy: Proxy(), se:cdp: ws://localhost:56506/devtoo..., se:cdpVersion: 103.0.5060.114, setWindowRect: true, strictFileInteractability: false, timeouts: {implicit: 0, pageLoad: 300000, script: 30000}, unhandledPromptBehavior: dismiss and notify, webauthn:extension:credBlob: true, webauthn:extension:largeBlob: true, webauthn:virtualAuthenticators: true}
Session ID: e0c318648df454a9e8367ba8760f248c
	at org.openqa.selenium.remote.codec.w3c.W3CHttpResponseCodec.createException(W3CHttpResponseCodec.java:200)
	at org.openqa.selenium.remote.codec.w3c.W3CHttpResponseCodec.decode(W3CHttpResponseCodec.java:133)
	at org.openqa.selenium.remote.codec.w3c.W3CHttpResponseCodec.decode(W3CHttpResponseCodec.java:53)
	at org.openqa.selenium.remote.HttpCommandExecutor.execute(HttpCommandExecutor.java:184)
	at org.openqa.selenium.remote.service.DriverCommandExecutor.invokeExecute(DriverCommandExecutor.java:164)
	at org.openqa.selenium.remote.service.DriverCommandExecutor.execute(DriverCommandExecutor.java:139)
	at org.openqa.selenium.remote.RemoteWebDriver.execute(RemoteWebDriver.java:559)
	at org.openqa.selenium.remote.ElementLocation$ElementFinder$2.findElement(ElementLocation.java:162)
	at org.openqa.selenium.remote.ElementLocation.findElement(ElementLocation.java:60)
	at org.openqa.selenium.remote.RemoteWebDriver.findElement(RemoteWebDriver.java:383)
	at org.openqa.selenium.remote.RemoteWebDriver.findElement(RemoteWebDriver.java:375)
	at org.openqa.selenium.support.pagefactory.DefaultElementLocator.findElement(DefaultElementLocator.java:70)
	at org.openqa.selenium.support.pagefactory.internal.LocatingElementHandler.invoke(LocatingElementHandler.java:39)
	at jdk.proxy2/jdk.proxy2.$Proxy18.clear(Unknown Source)
	at com.telemarket.task.pom.LoginPage.loginToMainPage(LoginPage.java:54)
	at com.telemarket.task.test.TLMKT_TestTaskFollowUp.testFollowUp_clickTable_gotoActivity(TLMKT_TestTaskFollowUp.java:175)
	at java.base/java.util.ArrayList.forEach(ArrayList.java:1511)
... Removed 32 stack frames</div></td></tr></table><p class="totop"><a href="#summary">back to summary</a></p>
<h3 id="m4">com.telemarket.task.test.TLMKT_TestTaskFollowUp#test_followUp_search_empty_and_unusual</h3><table class="result"><tr class="param"><th>Parameter #1</th></tr><tr class="param stripe"><td></td></tr><tr><th>Exception</th></tr><tr><td><div class="stacktrace">org.openqa.selenium.NoSuchElementException: no such element: Unable to locate element: {&quot;method&quot;:&quot;css selector&quot;,&quot;selector&quot;:&quot;#tl_login\-1\-51550_text&quot;}
  (Session info: chrome=103.0.5060.114)
For documentation on this error, please visit: https://selenium.dev/exceptions/#no_such_element
Build info: version: &apos;4.0.0&apos;, revision: &apos;3a21814679&apos;
System info: host: &apos;DESKTOP-0MGR9KI&apos;, ip: &apos;10.0.0.221&apos;, os.name: &apos;Windows 11&apos;, os.arch: &apos;amd64&apos;, os.version: &apos;10.0&apos;, java.version: &apos;17.0.2&apos;
Driver info: org.openqa.selenium.chrome.ChromeDriver
Command: [e0c318648df454a9e8367ba8760f248c, findElement {using=id, value=tl_login-1-51550_text}]
Capabilities {acceptInsecureCerts: false, browserName: chrome, browserVersion: 103.0.5060.114, chrome: {chromedriverVersion: 102.0.5005.61 (0e59bcc00cc4..., userDataDir: C:\Users\nexsoft\AppData\Lo...}, goog:chromeOptions: {debuggerAddress: localhost:56506}, javascriptEnabled: true, networkConnectionEnabled: false, pageLoadStrategy: normal, platform: WINDOWS, platformName: WINDOWS, proxy: Proxy(), se:cdp: ws://localhost:56506/devtoo..., se:cdpVersion: 103.0.5060.114, setWindowRect: true, strictFileInteractability: false, timeouts: {implicit: 0, pageLoad: 300000, script: 30000}, unhandledPromptBehavior: dismiss and notify, webauthn:extension:credBlob: true, webauthn:extension:largeBlob: true, webauthn:virtualAuthenticators: true}
Session ID: e0c318648df454a9e8367ba8760f248c
	at org.openqa.selenium.remote.codec.w3c.W3CHttpResponseCodec.createException(W3CHttpResponseCodec.java:200)
	at org.openqa.selenium.remote.codec.w3c.W3CHttpResponseCodec.decode(W3CHttpResponseCodec.java:133)
	at org.openqa.selenium.remote.codec.w3c.W3CHttpResponseCodec.decode(W3CHttpResponseCodec.java:53)
	at org.openqa.selenium.remote.HttpCommandExecutor.execute(HttpCommandExecutor.java:184)
	at org.openqa.selenium.remote.service.DriverCommandExecutor.invokeExecute(DriverCommandExecutor.java:164)
	at org.openqa.selenium.remote.service.DriverCommandExecutor.execute(DriverCommandExecutor.java:139)
	at org.openqa.selenium.remote.RemoteWebDriver.execute(RemoteWebDriver.java:559)
	at org.openqa.selenium.remote.ElementLocation$ElementFinder$2.findElement(ElementLocation.java:162)
	at org.openqa.selenium.remote.ElementLocation.findElement(ElementLocation.java:60)
	at org.openqa.selenium.remote.RemoteWebDriver.findElement(RemoteWebDriver.java:383)
	at org.openqa.selenium.remote.RemoteWebDriver.findElement(RemoteWebDriver.java:375)
	at org.openqa.selenium.support.pagefactory.DefaultElementLocator.findElement(DefaultElementLocator.java:70)
	at org.openqa.selenium.support.pagefactory.internal.LocatingElementHandler.invoke(LocatingElementHandler.java:39)
	at jdk.proxy2/jdk.proxy2.$Proxy18.clear(Unknown Source)
	at com.telemarket.task.pom.LoginPage.loginToMainPage(LoginPage.java:54)
	at com.telemarket.task.test.TLMKT_TestTaskFollowUp.test_followUp_search_empty_and_unusual(TLMKT_TestTaskFollowUp.java:119)
	at java.base/java.util.ArrayList.forEach(ArrayList.java:1511)
... Removed 32 stack frames</div></td></tr></table><p class="totop"><a href="#summary">back to summary</a></p>
<h3 id="m5">com.telemarket.task.test.TLMKT_TestTaskFollowUp#test_followUp_search_valid</h3><table class="result"><tr class="param"><th>Parameter #1</th></tr><tr class="param stripe"><td>somad1</td></tr><tr><th>Exception</th></tr><tr><td><div class="stacktrace">org.openqa.selenium.NoSuchElementException: no such element: Unable to locate element: {&quot;method&quot;:&quot;css selector&quot;,&quot;selector&quot;:&quot;#tl_login\-1\-51550_text&quot;}
  (Session info: chrome=103.0.5060.114)
For documentation on this error, please visit: https://selenium.dev/exceptions/#no_such_element
Build info: version: &apos;4.0.0&apos;, revision: &apos;3a21814679&apos;
System info: host: &apos;DESKTOP-0MGR9KI&apos;, ip: &apos;10.0.0.221&apos;, os.name: &apos;Windows 11&apos;, os.arch: &apos;amd64&apos;, os.version: &apos;10.0&apos;, java.version: &apos;17.0.2&apos;
Driver info: org.openqa.selenium.chrome.ChromeDriver
Command: [e0c318648df454a9e8367ba8760f248c, findElement {using=id, value=tl_login-1-51550_text}]
Capabilities {acceptInsecureCerts: false, browserName: chrome, browserVersion: 103.0.5060.114, chrome: {chromedriverVersion: 102.0.5005.61 (0e59bcc00cc4..., userDataDir: C:\Users\nexsoft\AppData\Lo...}, goog:chromeOptions: {debuggerAddress: localhost:56506}, javascriptEnabled: true, networkConnectionEnabled: false, pageLoadStrategy: normal, platform: WINDOWS, platformName: WINDOWS, proxy: Proxy(), se:cdp: ws://localhost:56506/devtoo..., se:cdpVersion: 103.0.5060.114, setWindowRect: true, strictFileInteractability: false, timeouts: {implicit: 0, pageLoad: 300000, script: 30000}, unhandledPromptBehavior: dismiss and notify, webauthn:extension:credBlob: true, webauthn:extension:largeBlob: true, webauthn:virtualAuthenticators: true}
Session ID: e0c318648df454a9e8367ba8760f248c
	at org.openqa.selenium.remote.codec.w3c.W3CHttpResponseCodec.createException(W3CHttpResponseCodec.java:200)
	at org.openqa.selenium.remote.codec.w3c.W3CHttpResponseCodec.decode(W3CHttpResponseCodec.java:133)
	at org.openqa.selenium.remote.codec.w3c.W3CHttpResponseCodec.decode(W3CHttpResponseCodec.java:53)
	at org.openqa.selenium.remote.HttpCommandExecutor.execute(HttpCommandExecutor.java:184)
	at org.openqa.selenium.remote.service.DriverCommandExecutor.invokeExecute(DriverCommandExecutor.java:164)
	at org.openqa.selenium.remote.service.DriverCommandExecutor.execute(DriverCommandExecutor.java:139)
	at org.openqa.selenium.remote.RemoteWebDriver.execute(RemoteWebDriver.java:559)
	at org.openqa.selenium.remote.ElementLocation$ElementFinder$2.findElement(ElementLocation.java:162)
	at org.openqa.selenium.remote.ElementLocation.findElement(ElementLocation.java:60)
	at org.openqa.selenium.remote.RemoteWebDriver.findElement(RemoteWebDriver.java:383)
	at org.openqa.selenium.remote.RemoteWebDriver.findElement(RemoteWebDriver.java:375)
	at org.openqa.selenium.support.pagefactory.DefaultElementLocator.findElement(DefaultElementLocator.java:70)
	at org.openqa.selenium.support.pagefactory.internal.LocatingElementHandler.invoke(LocatingElementHandler.java:39)
	at jdk.proxy2/jdk.proxy2.$Proxy18.clear(Unknown Source)
	at com.telemarket.task.pom.LoginPage.loginToMainPage(LoginPage.java:54)
	at com.telemarket.task.test.TLMKT_TestTaskFollowUp.test_followUp_search_valid(TLMKT_TestTaskFollowUp.java:81)
	at java.base/java.util.ArrayList.forEach(ArrayList.java:1511)
... Removed 32 stack frames</div></td></tr></table><p class="totop"><a href="#summary">back to summary</a></p>
<h3 id="m6">com.telemarket.task.test.TLMKT_TestTaskNew#test_newActivity_phoneSelect_phoneAdd_valid</h3><table class="result"><tr><th>Exception</th></tr><tr><td><div class="stacktrace">org.openqa.selenium.NoSuchElementException: no such element: Unable to locate element: {&quot;method&quot;:&quot;css selector&quot;,&quot;selector&quot;:&quot;#tl_login\-1\-51550_text&quot;}
  (Session info: chrome=103.0.5060.114)
For documentation on this error, please visit: https://selenium.dev/exceptions/#no_such_element
Build info: version: &apos;4.0.0&apos;, revision: &apos;3a21814679&apos;
System info: host: &apos;DESKTOP-0MGR9KI&apos;, ip: &apos;10.0.0.221&apos;, os.name: &apos;Windows 11&apos;, os.arch: &apos;amd64&apos;, os.version: &apos;10.0&apos;, java.version: &apos;17.0.2&apos;
Driver info: org.openqa.selenium.chrome.ChromeDriver
Command: [f8785fb866f9157078cbff42a2578dda, findElement {using=id, value=tl_login-1-51550_text}]
Capabilities {acceptInsecureCerts: false, browserName: chrome, browserVersion: 103.0.5060.114, chrome: {chromedriverVersion: 102.0.5005.61 (0e59bcc00cc4..., userDataDir: C:\Users\nexsoft\AppData\Lo...}, goog:chromeOptions: {debuggerAddress: localhost:56534}, javascriptEnabled: true, networkConnectionEnabled: false, pageLoadStrategy: normal, platform: WINDOWS, platformName: WINDOWS, proxy: Proxy(), se:cdp: ws://localhost:56534/devtoo..., se:cdpVersion: 103.0.5060.114, setWindowRect: true, strictFileInteractability: false, timeouts: {implicit: 0, pageLoad: 300000, script: 30000}, unhandledPromptBehavior: dismiss and notify, webauthn:extension:credBlob: true, webauthn:extension:largeBlob: true, webauthn:virtualAuthenticators: true}
Session ID: f8785fb866f9157078cbff42a2578dda
	at org.openqa.selenium.remote.codec.w3c.W3CHttpResponseCodec.createException(W3CHttpResponseCodec.java:200)
	at org.openqa.selenium.remote.codec.w3c.W3CHttpResponseCodec.decode(W3CHttpResponseCodec.java:133)
	at org.openqa.selenium.remote.codec.w3c.W3CHttpResponseCodec.decode(W3CHttpResponseCodec.java:53)
	at org.openqa.selenium.remote.HttpCommandExecutor.execute(HttpCommandExecutor.java:184)
	at org.openqa.selenium.remote.service.DriverCommandExecutor.invokeExecute(DriverCommandExecutor.java:164)
	at org.openqa.selenium.remote.service.DriverCommandExecutor.execute(DriverCommandExecutor.java:139)
	at org.openqa.selenium.remote.RemoteWebDriver.execute(RemoteWebDriver.java:559)
	at org.openqa.selenium.remote.ElementLocation$ElementFinder$2.findElement(ElementLocation.java:162)
	at org.openqa.selenium.remote.ElementLocation.findElement(ElementLocation.java:60)
	at org.openqa.selenium.remote.RemoteWebDriver.findElement(RemoteWebDriver.java:383)
	at org.openqa.selenium.remote.RemoteWebDriver.findElement(RemoteWebDriver.java:375)
	at org.openqa.selenium.support.pagefactory.DefaultElementLocator.findElement(DefaultElementLocator.java:70)
	at org.openqa.selenium.support.pagefactory.internal.LocatingElementHandler.invoke(LocatingElementHandler.java:39)
	at jdk.proxy2/jdk.proxy2.$Proxy18.clear(Unknown Source)
	at com.telemarket.task.pom.LoginPage.loginToMainPage(LoginPage.java:54)
	at com.telemarket.task.test.TLMKT_TestTaskNew.test_newActivity_phoneSelect_phoneAdd_valid(TLMKT_TestTaskNew.java:255)
	at java.base/java.util.ArrayList.forEach(ArrayList.java:1511)
... Removed 32 stack frames</div></td></tr></table><p class="totop"><a href="#summary">back to summary</a></p>
<h3 id="m7">com.telemarket.task.test.TLMKT_TestTaskNew#test_new_search_empty_and_unusual</h3><table class="result"><tr class="param"><th>Parameter #1</th></tr><tr class="param stripe"><td>_</td></tr><tr><th>Exception</th></tr><tr><td><div class="stacktrace">org.openqa.selenium.NoSuchElementException: no such element: Unable to locate element: {&quot;method&quot;:&quot;css selector&quot;,&quot;selector&quot;:&quot;#tl_login\-1\-51550_text&quot;}
  (Session info: chrome=103.0.5060.114)
For documentation on this error, please visit: https://selenium.dev/exceptions/#no_such_element
Build info: version: &apos;4.0.0&apos;, revision: &apos;3a21814679&apos;
System info: host: &apos;DESKTOP-0MGR9KI&apos;, ip: &apos;10.0.0.221&apos;, os.name: &apos;Windows 11&apos;, os.arch: &apos;amd64&apos;, os.version: &apos;10.0&apos;, java.version: &apos;17.0.2&apos;
Driver info: org.openqa.selenium.chrome.ChromeDriver
Command: [f8785fb866f9157078cbff42a2578dda, findElement {using=id, value=tl_login-1-51550_text}]
Capabilities {acceptInsecureCerts: false, browserName: chrome, browserVersion: 103.0.5060.114, chrome: {chromedriverVersion: 102.0.5005.61 (0e59bcc00cc4..., userDataDir: C:\Users\nexsoft\AppData\Lo...}, goog:chromeOptions: {debuggerAddress: localhost:56534}, javascriptEnabled: true, networkConnectionEnabled: false, pageLoadStrategy: normal, platform: WINDOWS, platformName: WINDOWS, proxy: Proxy(), se:cdp: ws://localhost:56534/devtoo..., se:cdpVersion: 103.0.5060.114, setWindowRect: true, strictFileInteractability: false, timeouts: {implicit: 0, pageLoad: 300000, script: 30000}, unhandledPromptBehavior: dismiss and notify, webauthn:extension:credBlob: true, webauthn:extension:largeBlob: true, webauthn:virtualAuthenticators: true}
Session ID: f8785fb866f9157078cbff42a2578dda
	at org.openqa.selenium.remote.codec.w3c.W3CHttpResponseCodec.createException(W3CHttpResponseCodec.java:200)
	at org.openqa.selenium.remote.codec.w3c.W3CHttpResponseCodec.decode(W3CHttpResponseCodec.java:133)
	at org.openqa.selenium.remote.codec.w3c.W3CHttpResponseCodec.decode(W3CHttpResponseCodec.java:53)
	at org.openqa.selenium.remote.HttpCommandExecutor.execute(HttpCommandExecutor.java:184)
	at org.openqa.selenium.remote.service.DriverCommandExecutor.invokeExecute(DriverCommandExecutor.java:164)
	at org.openqa.selenium.remote.service.DriverCommandExecutor.execute(DriverCommandExecutor.java:139)
	at org.openqa.selenium.remote.RemoteWebDriver.execute(RemoteWebDriver.java:559)
	at org.openqa.selenium.remote.ElementLocation$ElementFinder$2.findElement(ElementLocation.java:162)
	at org.openqa.selenium.remote.ElementLocation.findElement(ElementLocation.java:60)
	at org.openqa.selenium.remote.RemoteWebDriver.findElement(RemoteWebDriver.java:383)
	at org.openqa.selenium.remote.RemoteWebDriver.findElement(RemoteWebDriver.java:375)
	at org.openqa.selenium.support.pagefactory.DefaultElementLocator.findElement(DefaultElementLocator.java:70)
	at org.openqa.selenium.support.pagefactory.internal.LocatingElementHandler.invoke(LocatingElementHandler.java:39)
	at jdk.proxy2/jdk.proxy2.$Proxy18.clear(Unknown Source)
	at com.telemarket.task.pom.LoginPage.loginToMainPage(LoginPage.java:54)
	at com.telemarket.task.test.TLMKT_TestTaskNew.test_new_search_empty_and_unusual(TLMKT_TestTaskNew.java:119)
	at java.base/java.util.ArrayList.forEach(ArrayList.java:1511)
... Removed 32 stack frames</div></td></tr></table><p class="totop"><a href="#summary">back to summary</a></p>
<h3 id="m8">com.telemarket.task.test.TLMKT_TestDataAll#testAll_clickTable_gotoActivity</h3><table class="result"><tr><th class="invisible"/></tr></table><p class="totop"><a href="#summary">back to summary</a></p>
<h3 id="m9">com.telemarket.task.test.TLMKT_TestDataAll#test_all_export_data</h3><table class="result"><tr><th class="invisible"/></tr></table><p class="totop"><a href="#summary">back to summary</a></p>
<h3 id="m10">com.telemarket.task.test.TLMKT_TestDataAll#test_all_search_agent</h3><table class="result"><tr><th class="invisible"/></tr></table><p class="totop"><a href="#summary">back to summary</a></p>
<h3 id="m11">com.telemarket.task.test.TLMKT_TestDataAll#test_all_search_agent_status</h3><table class="result"><tr><th class="invisible"/></tr></table><p class="totop"><a href="#summary">back to summary</a></p>
<h3 id="m12">com.telemarket.task.test.TLMKT_TestDataAll#test_all_search_customer_agent</h3><table class="result"><tr><th class="invisible"/></tr></table><p class="totop"><a href="#summary">back to summary</a></p>
<h3 id="m13">com.telemarket.task.test.TLMKT_TestDataAll#test_all_search_customer_agent_status</h3><table class="result"><tr><th class="invisible"/></tr></table><p class="totop"><a href="#summary">back to summary</a></p>
<h3 id="m14">com.telemarket.task.test.TLMKT_TestDataAll#test_all_search_customer_status</h3><table class="result"><tr><th class="invisible"/></tr></table><p class="totop"><a href="#summary">back to summary</a></p>
<h3 id="m15">com.telemarket.task.test.TLMKT_TestDataAll#test_all_search_empty</h3><table class="result"><tr class="param"><th>Parameter #1</th></tr><tr class="param stripe"><td>kopi</td></tr></table><p class="totop"><a href="#summary">back to summary</a></p>
<h3 id="m16">com.telemarket.task.test.TLMKT_TestDataAll#test_all_search_empty</h3><table class="result"><tr class="param"><th>Parameter #1</th></tr><tr class="param stripe"><td></td></tr></table><p class="totop"><a href="#summary">back to summary</a></p>
<h3 id="m17">com.telemarket.task.test.TLMKT_TestDataAll#test_all_search_empty_and_unusual</h3><table class="result"><tr class="param"><th>Parameter #1</th></tr><tr class="param stripe"><td></td></tr></table><p class="totop"><a href="#summary">back to summary</a></p>
<h3 id="m18">com.telemarket.task.test.TLMKT_TestDataAll#test_all_search_empty_and_unusual</h3><table class="result"><tr class="param"><th>Parameter #1</th></tr><tr class="param stripe"><td>@</td></tr></table><p class="totop"><a href="#summary">back to summary</a></p>
<h3 id="m19">com.telemarket.task.test.TLMKT_TestDataAll#test_all_search_empty_and_unusual</h3><table class="result"><tr class="param"><th>Parameter #1</th></tr><tr class="param stripe"><td>&amp;</td></tr></table><p class="totop"><a href="#summary">back to summary</a></p>
<h3 id="m20">com.telemarket.task.test.TLMKT_TestDataAll#test_all_search_status</h3><table class="result"><tr><th class="invisible"/></tr></table><p class="totop"><a href="#summary">back to summary</a></p>
<h3 id="m21">com.telemarket.task.test.TLMKT_TestDataAll#test_all_search_valid</h3><table class="result"><tr class="param"><th>Parameter #1</th></tr><tr class="param stripe"><td>Toko_Adil_3</td></tr></table><p class="totop"><a href="#summary">back to summary</a></p>
<h3 id="m22">com.telemarket.task.test.TLMKT_TestDataAll#test_all_search_valid</h3><table class="result"><tr class="param"><th>Parameter #1</th></tr><tr class="param stripe"><td>kopi</td></tr></table><p class="totop"><a href="#summary">back to summary</a></p>
<h3 id="m23">com.telemarket.task.test.TLMKT_TestDataAll#test_all_search_valid</h3><table class="result"><tr class="param"><th>Parameter #1</th></tr><tr class="param stripe"><td>1</td></tr></table><p class="totop"><a href="#summary">back to summary</a></p>
<h3 id="m24">com.telemarket.task.test.TLMKT_TestLogin#testLogin_usernameAndPasswordValid_clickGreenPassword</h3><table class="result"><tr><th class="invisible"/></tr></table><p class="totop"><a href="#summary">back to summary</a></p>
<h3 id="m25">com.telemarket.task.test.TLMKT_TestLogin#testLogin_usernameAndPasswordValid_clickGreenUsername</h3><table class="result"><tr><th class="invisible"/></tr></table><p class="totop"><a href="#summary">back to summary</a></p>
<h3 id="m26">com.telemarket.task.test.TLMKT_TestLogin#testNavigate</h3><table class="result"><tr><th class="invisible"/></tr></table><p class="totop"><a href="#summary">back to summary</a></p>
<h3 id="m27">com.telemarket.task.test.TLMKT_TestLogin#test_login_username_empty_password_empty</h3><table class="result"><tr><th class="invisible"/></tr></table><p class="totop"><a href="#summary">back to summary</a></p>
<h3 id="m28">com.telemarket.task.test.TLMKT_TestLogin#test_login_username_invalid_password_invalid</h3><table class="result"><tr><th class="invisible"/></tr></table><p class="totop"><a href="#summary">back to summary</a></p>
<h3 id="m29">com.telemarket.task.test.TLMKT_TestLogin#test_login_username_valid_password_invalid</h3><table class="result"><tr><th class="invisible"/></tr></table><p class="totop"><a href="#summary">back to summary</a></p>
<h3 id="m30">com.telemarket.task.test.TLMKT_TestLogin#test_login_username_valid_password_valid</h3><table class="result"><tr><th class="invisible"/></tr></table><p class="totop"><a href="#summary">back to summary</a></p>
<h3 id="m31">com.telemarket.task.test.TLMKT_TestTaskAgree#testAgree_clickTable_gotoActivity</h3><table class="result"><tr><th class="invisible"/></tr></table><p class="totop"><a href="#summary">back to summary</a></p>
<h3 id="m32">com.telemarket.task.test.TLMKT_TestTaskAgree#test_agree_export_data</h3><table class="result"><tr><th class="invisible"/></tr></table><p class="totop"><a href="#summary">back to summary</a></p>
<h3 id="m33">com.telemarket.task.test.TLMKT_TestTaskAgree#test_agree_search_empty_and_unusual</h3><table class="result"><tr class="param"><th>Parameter #1</th></tr><tr class="param stripe"><td>&amp;</td></tr></table><p class="totop"><a href="#summary">back to summary</a></p>
<h3 id="m34">com.telemarket.task.test.TLMKT_TestTaskAgree#test_agree_search_empty_and_unusual</h3><table class="result"><tr class="param"><th>Parameter #1</th></tr><tr class="param stripe"><td>_</td></tr></table><p class="totop"><a href="#summary">back to summary</a></p>
<h3 id="m35">com.telemarket.task.test.TLMKT_TestTaskAgree#test_agree_search_empty_and_unusual</h3><table class="result"><tr class="param"><th>Parameter #1</th></tr><tr class="param stripe"><td>@</td></tr></table><p class="totop"><a href="#summary">back to summary</a></p>
<h3 id="m36">com.telemarket.task.test.TLMKT_TestTaskAgree#test_agree_search_empty_and_unusual</h3><table class="result"><tr class="param"><th>Parameter #1</th></tr><tr class="param stripe"><td></td></tr></table><p class="totop"><a href="#summary">back to summary</a></p>
<h3 id="m37">com.telemarket.task.test.TLMKT_TestTaskAgree#test_agree_search_valid</h3><table class="result"><tr class="param"><th>Parameter #1</th></tr><tr class="param stripe"><td>1</td></tr></table><p class="totop"><a href="#summary">back to summary</a></p>
<h3 id="m38">com.telemarket.task.test.TLMKT_TestTaskAgree#test_agree_search_valid</h3><table class="result"><tr class="param"><th>Parameter #1</th></tr><tr class="param stripe"><td>Toko_Adil_3</td></tr></table><p class="totop"><a href="#summary">back to summary</a></p>
<h3 id="m39">com.telemarket.task.test.TLMKT_TestTaskAgree#test_agree_search_valid</h3><table class="result"><tr class="param"><th>Parameter #1</th></tr><tr class="param stripe"><td>kopi</td></tr></table><p class="totop"><a href="#summary">back to summary</a></p>
<h3 id="m40">com.telemarket.task.test.TLMKT_TestTaskFinal#test_final_page</h3><table class="result"><tr><th class="invisible"/></tr></table><p class="totop"><a href="#summary">back to summary</a></p>
<h3 id="m41">com.telemarket.task.test.TLMKT_TestTaskFinal#test_final_search_valid</h3><table class="result"><tr class="param"><th>Parameter #1</th><th>Parameter #2</th></tr><tr class="param stripe"><td>warungkopiyoi</td><td>https://tokko.io/warungkopiyoi0</td></tr></table><p class="totop"><a href="#summary">back to summary</a></p>
<h3 id="m42">com.telemarket.task.test.TLMKT_TestTaskFollowUp#test_followUp_export_data</h3><table class="result"><tr><th class="invisible"/></tr></table><p class="totop"><a href="#summary">back to summary</a></p>
<h3 id="m43">com.telemarket.task.test.TLMKT_TestTaskFollowUp#test_followUp_search_empty_and_unusual</h3><table class="result"><tr class="param"><th>Parameter #1</th></tr><tr class="param stripe"><td>&amp;</td></tr></table><p class="totop"><a href="#summary">back to summary</a></p>
<h3 id="m44">com.telemarket.task.test.TLMKT_TestTaskFollowUp#test_followUp_search_empty_and_unusual</h3><table class="result"><tr class="param"><th>Parameter #1</th></tr><tr class="param stripe"><td>_</td></tr></table><p class="totop"><a href="#summary">back to summary</a></p>
<h3 id="m45">com.telemarket.task.test.TLMKT_TestTaskFollowUp#test_followUp_search_empty_and_unusual</h3><table class="result"><tr class="param"><th>Parameter #1</th></tr><tr class="param stripe"><td>@</td></tr></table><p class="totop"><a href="#summary">back to summary</a></p>
<h3 id="m46">com.telemarket.task.test.TLMKT_TestTaskFollowUp#test_followUp_search_valid</h3><table class="result"><tr class="param"><th>Parameter #1</th></tr><tr class="param stripe"><td>kopi</td></tr></table><p class="totop"><a href="#summary">back to summary</a></p>
<h3 id="m47">com.telemarket.task.test.TLMKT_TestTaskFollowUp#test_followUp_search_valid</h3><table class="result"><tr class="param"><th>Parameter #1</th></tr><tr class="param stripe"><td>1</td></tr></table><p class="totop"><a href="#summary">back to summary</a></p>
<h3 id="m48">com.telemarket.task.test.TLMKT_TestTaskNew#test_clickTable_gotoActivity</h3><table class="result"><tr><th class="invisible"/></tr></table><p class="totop"><a href="#summary">back to summary</a></p>
<h3 id="m49">com.telemarket.task.test.TLMKT_TestTaskNew#test_newActivity_phoneSelect_phoneAddCancel</h3><table class="result"><tr><th class="invisible"/></tr></table><p class="totop"><a href="#summary">back to summary</a></p>
<h3 id="m50">com.telemarket.task.test.TLMKT_TestTaskNew#test_newActivity_phoneSelect_phoneAdd_invalid</h3><table class="result"><tr class="param"><th>Parameter #1</th></tr><tr class="param stripe"><td>0821</td></tr></table><p class="totop"><a href="#summary">back to summary</a></p>
<h3 id="m51">com.telemarket.task.test.TLMKT_TestTaskNew#test_newActivity_phoneSelect_phoneAdd_invalid</h3><table class="result"><tr class="param"><th>Parameter #1</th></tr><tr class="param stripe"><td>0821123456789011</td></tr></table><p class="totop"><a href="#summary">back to summary</a></p>
<h3 id="m52">com.telemarket.task.test.TLMKT_TestTaskNew#test_new_export_data</h3><table class="result"><tr><th class="invisible"/></tr></table><p class="totop"><a href="#summary">back to summary</a></p>
<h3 id="m53">com.telemarket.task.test.TLMKT_TestTaskNew#test_new_search_empty_and_unusual</h3><table class="result"><tr class="param"><th>Parameter #1</th></tr><tr class="param stripe"><td>&amp;</td></tr></table><p class="totop"><a href="#summary">back to summary</a></p>
<h3 id="m54">com.telemarket.task.test.TLMKT_TestTaskNew#test_new_search_empty_and_unusual</h3><table class="result"><tr class="param"><th>Parameter #1</th></tr><tr class="param stripe"><td></td></tr></table><p class="totop"><a href="#summary">back to summary</a></p>
<h3 id="m55">com.telemarket.task.test.TLMKT_TestTaskNew#test_new_search_empty_and_unusual</h3><table class="result"><tr class="param"><th>Parameter #1</th></tr><tr class="param stripe"><td>@</td></tr></table><p class="totop"><a href="#summary">back to summary</a></p>
<h3 id="m56">com.telemarket.task.test.TLMKT_TestTaskNew#test_new_search_valid</h3><table class="result"><tr class="param"><th>Parameter #1</th></tr><tr class="param stripe"><td>Toko_Adil_3</td></tr></table><p class="totop"><a href="#summary">back to summary</a></p>
<h3 id="m57">com.telemarket.task.test.TLMKT_TestTaskNew#test_new_search_valid</h3><table class="result"><tr class="param"><th>Parameter #1</th></tr><tr class="param stripe"><td>Passat</td></tr></table><p class="totop"><a href="#summary">back to summary</a></p>
<h3 id="m58">com.telemarket.task.test.TLMKT_TestTaskNew#test_new_search_valid</h3><table class="result"><tr class="param"><th>Parameter #1</th></tr><tr class="param stripe"><td>1</td></tr></table><p class="totop"><a href="#summary">back to summary</a></p>
</body>
</html>
