<html>
<head>
<title>TestNG:  WA</title>
<link href="../testng.css" rel="stylesheet" type="text/css" />
<link href="../my-testng.css" rel="stylesheet" type="text/css" />

<style type="text/css">
.log { display: none;} 
.stack-trace { display: none;} 
</style>
<script type="text/javascript">
<!--
function flip(e) {
  current = e.style.display;
  if (current == 'block') {
    e.style.display = 'none';
    return 0;
  }
  else {
    e.style.display = 'block';
    return 1;
  }
}

function toggleBox(szDivId, elem, msg1, msg2)
{
  var res = -1;  if (document.getElementById) {
    res = flip(document.getElementById(szDivId));
  }
  else if (document.all) {
    // this is the way old msie versions work
    res = flip(document.all[szDivId]);
  }
  if(elem) {
    if(res == 0) elem.innerHTML = msg1; else elem.innerHTML = msg2;
  }

}

function toggleAllBoxes() {
  if (document.getElementsByTagName) {
    d = document.getElementsByTagName('div');
    for (i = 0; i < d.length; i++) {
      if (d[i].className == 'log') {
        flip(d[i]);
      }
    }
  }
}

// -->
</script>

</head>
<body>
<h2 align='center'>WA</h2><table border='1' align="center">
<tr>
<td>Tests passed/Failed/Skipped:</td><td>26/2/0</td>
</tr><tr>
<td>Started on:</td><td>Mon Jul 11 13:44:38 ICT 2022</td>
</tr>
<tr><td>Total time:</td><td>384 seconds (384786 ms)</td>
</tr><tr>
<td>Included groups:</td><td></td>
</tr><tr>
<td>Excluded groups:</td><td></td>
</tr>
</table><p/>
<small><i>(Hover the method name to see the test class name)</i></small><p/>
<table width='100%' border='1' class='invocation-failed'>
<tr><td colspan='4' align='center'><b>FAILED TESTS</b></td></tr>
<tr><td><b>Test method</b></td>
<td><b>Attribute(s)</b></td>
<td width="30%"><b>Exception</b></td>
<td width="10%"><b>Time (seconds)</b></td>
<td><b>Instance</b></td>
</tr>
<tr>
<td title='com.telemarket.wa.test.WhatsAppTest.test_popupWA_NoMorePopUp()'><b>test_popupWA_NoMorePopUp</b><br>Test class: com.telemarket.wa.test.WhatsAppTest<br/>
<a href="#Output-2136291489" onClick='toggleBox("Output-2136291489", this, "Show output", "Hide output");'>Show output</a>

<a href="#Output-2136291489" onClick="toggleAllBoxes();">Show all outputs</a>
<div class='log' id="Output-2136291489">
<img src='file://C:\Users\Nexsoft\eclipse-workspace\TELEMARKETING\hasilScreenshot\20220711_134512.png'height="450" width="1017"/><br/>
</div>
</td>
<td><div><pre>java.lang.AssertionError: did not expect [[d] Activity] but found [[d] Activity]
	at com.telemarket.wa.pom.WhatsAppPage.assertPopUpWithinPopUp(WhatsAppPage.java:54)
	at com.telemarket.wa.test.WhatsAppTest.test_popupWA_NoMorePopUp(WhatsAppTest.java:82)
	at java.base/java.util.ArrayList.forEach(ArrayList.java:1541)
... Removed 32 stack frames</pre></div><a href='#' onClick='toggleBox("stack-trace2136291489", this, "Click to show all stack frames", "Click to hide stack frames")'>Click to show all stack frames</a>
<div class='stack-trace' id='stack-trace2136291489'><pre>java.lang.AssertionError: did not expect [[d] Activity] but found [[d] Activity]
	at org.testng.Assert.fail(Assert.java:110)
	at org.testng.Assert.failEquals(Assert.java:1417)
	at org.testng.Assert.assertNotEqualsImpl(Assert.java:156)
	at org.testng.Assert.assertNotEquals(Assert.java:2033)
	at org.testng.Assert.assertNotEquals(Assert.java:2055)
	at com.telemarket.wa.pom.WhatsAppPage.assertPopUpWithinPopUp(WhatsAppPage.java:54)
	at com.telemarket.wa.test.WhatsAppTest.test_popupWA_NoMorePopUp(WhatsAppTest.java:82)
	at java.base/jdk.internal.reflect.NativeMethodAccessorImpl.invoke0(Native Method)
	at java.base/jdk.internal.reflect.NativeMethodAccessorImpl.invoke(NativeMethodAccessorImpl.java:62)
	at java.base/jdk.internal.reflect.DelegatingMethodAccessorImpl.invoke(DelegatingMethodAccessorImpl.java:43)
	at java.base/java.lang.reflect.Method.invoke(Method.java:566)
	at org.testng.internal.invokers.MethodInvocationHelper.invokeMethod(MethodInvocationHelper.java:139)
	at org.testng.internal.invokers.TestInvoker.invokeMethod(TestInvoker.java:677)
	at org.testng.internal.invokers.TestInvoker.invokeTestMethod(TestInvoker.java:221)
	at org.testng.internal.invokers.MethodRunner.runInSequence(MethodRunner.java:50)
	at org.testng.internal.invokers.TestInvoker$MethodInvocationAgent.invoke(TestInvoker.java:962)
	at org.testng.internal.invokers.TestInvoker.invokeTestMethods(TestInvoker.java:194)
	at org.testng.internal.invokers.TestMethodWorker.invokeTestMethods(TestMethodWorker.java:148)
	at org.testng.internal.invokers.TestMethodWorker.run(TestMethodWorker.java:128)
	at java.base/java.util.ArrayList.forEach(ArrayList.java:1541)
	at org.testng.TestRunner.privateRun(TestRunner.java:806)
	at org.testng.TestRunner.run(TestRunner.java:601)
	at org.testng.SuiteRunner.runTest(SuiteRunner.java:433)
	at org.testng.SuiteRunner.runSequentially(SuiteRunner.java:427)
	at org.testng.SuiteRunner.privateRun(SuiteRunner.java:387)
	at org.testng.SuiteRunner.run(SuiteRunner.java:330)
	at org.testng.SuiteRunnerWorker.runSuite(SuiteRunnerWorker.java:52)
	at org.testng.SuiteRunnerWorker.run(SuiteRunnerWorker.java:95)
	at org.testng.TestNG.runSuitesSequentially(TestNG.java:1256)
	at org.testng.TestNG.runSuitesLocally(TestNG.java:1176)
	at org.testng.TestNG.runSuites(TestNG.java:1099)
	at org.testng.TestNG.run(TestNG.java:1067)
	at org.testng.remote.AbstractRemoteTestNG.run(AbstractRemoteTestNG.java:115)
	at org.testng.remote.RemoteTestNG.initAndRun(RemoteTestNG.java:251)
	at org.testng.remote.RemoteTestNG.main(RemoteTestNG.java:77)
</pre></div></td>
<td>11</td>
<td>com.telemarket.wa.test.WhatsAppTest@74ea2410</td></tr>
<tr>
<td title='com.telemarket.wa.test.WhatsAppUserTest.test_popupWA_NoMorePopUp()'><b>test_popupWA_NoMorePopUp</b><br>Test class: com.telemarket.wa.test.WhatsAppUserTest<br/>
<a href="#Output-1669953504" onClick='toggleBox("Output-1669953504", this, "Show output", "Hide output");'>Show output</a>

<a href="#Output-1669953504" onClick="toggleAllBoxes();">Show all outputs</a>
<div class='log' id="Output-1669953504">
<img src='file://C:\Users\Nexsoft\eclipse-workspace\TELEMARKETING\hasilScreenshot\20220711_134825.png'height="450" width="1017"/><br/>
</div>
</td>
<td><div><pre>java.lang.AssertionError: did not expect [[d] Activity] but found [[d] Activity]
	at com.telemarket.wa.pom.WhatsAppPage.assertPopUpWithinPopUp(WhatsAppPage.java:54)
	at com.telemarket.wa.test.WhatsAppUserTest.test_popupWA_NoMorePopUp(WhatsAppUserTest.java:82)
	at java.base/java.util.ArrayList.forEach(ArrayList.java:1541)
... Removed 32 stack frames</pre></div><a href='#' onClick='toggleBox("stack-trace1669953504", this, "Click to show all stack frames", "Click to hide stack frames")'>Click to show all stack frames</a>
<div class='stack-trace' id='stack-trace1669953504'><pre>java.lang.AssertionError: did not expect [[d] Activity] but found [[d] Activity]
	at org.testng.Assert.fail(Assert.java:110)
	at org.testng.Assert.failEquals(Assert.java:1417)
	at org.testng.Assert.assertNotEqualsImpl(Assert.java:156)
	at org.testng.Assert.assertNotEquals(Assert.java:2033)
	at org.testng.Assert.assertNotEquals(Assert.java:2055)
	at com.telemarket.wa.pom.WhatsAppPage.assertPopUpWithinPopUp(WhatsAppPage.java:54)
	at com.telemarket.wa.test.WhatsAppUserTest.test_popupWA_NoMorePopUp(WhatsAppUserTest.java:82)
	at java.base/jdk.internal.reflect.NativeMethodAccessorImpl.invoke0(Native Method)
	at java.base/jdk.internal.reflect.NativeMethodAccessorImpl.invoke(NativeMethodAccessorImpl.java:62)
	at java.base/jdk.internal.reflect.DelegatingMethodAccessorImpl.invoke(DelegatingMethodAccessorImpl.java:43)
	at java.base/java.lang.reflect.Method.invoke(Method.java:566)
	at org.testng.internal.invokers.MethodInvocationHelper.invokeMethod(MethodInvocationHelper.java:139)
	at org.testng.internal.invokers.TestInvoker.invokeMethod(TestInvoker.java:677)
	at org.testng.internal.invokers.TestInvoker.invokeTestMethod(TestInvoker.java:221)
	at org.testng.internal.invokers.MethodRunner.runInSequence(MethodRunner.java:50)
	at org.testng.internal.invokers.TestInvoker$MethodInvocationAgent.invoke(TestInvoker.java:962)
	at org.testng.internal.invokers.TestInvoker.invokeTestMethods(TestInvoker.java:194)
	at org.testng.internal.invokers.TestMethodWorker.invokeTestMethods(TestMethodWorker.java:148)
	at org.testng.internal.invokers.TestMethodWorker.run(TestMethodWorker.java:128)
	at java.base/java.util.ArrayList.forEach(ArrayList.java:1541)
	at org.testng.TestRunner.privateRun(TestRunner.java:806)
	at org.testng.TestRunner.run(TestRunner.java:601)
	at org.testng.SuiteRunner.runTest(SuiteRunner.java:433)
	at org.testng.SuiteRunner.runSequentially(SuiteRunner.java:427)
	at org.testng.SuiteRunner.privateRun(SuiteRunner.java:387)
	at org.testng.SuiteRunner.run(SuiteRunner.java:330)
	at org.testng.SuiteRunnerWorker.runSuite(SuiteRunnerWorker.java:52)
	at org.testng.SuiteRunnerWorker.run(SuiteRunnerWorker.java:95)
	at org.testng.TestNG.runSuitesSequentially(TestNG.java:1256)
	at org.testng.TestNG.runSuitesLocally(TestNG.java:1176)
	at org.testng.TestNG.runSuites(TestNG.java:1099)
	at org.testng.TestNG.run(TestNG.java:1067)
	at org.testng.remote.AbstractRemoteTestNG.run(AbstractRemoteTestNG.java:115)
	at org.testng.remote.RemoteTestNG.initAndRun(RemoteTestNG.java:251)
	at org.testng.remote.RemoteTestNG.main(RemoteTestNG.java:77)
</pre></div></td>
<td>11</td>
<td>com.telemarket.wa.test.WhatsAppUserTest@5386659f</td></tr>
</table><p>
<table width='100%' border='1' class='invocation-passed'>
<tr><td colspan='4' align='center'><b>PASSED TESTS</b></td></tr>
<tr><td><b>Test method</b></td>
<td><b>Attribute(s)</b></td>
<td width="30%"><b>Exception</b></td>
<td width="10%"><b>Time (seconds)</b></td>
<td><b>Instance</b></td>
</tr>
<tr>
<td title='com.telemarket.wa.test.WhatsAppUserTest.test_showPage_10()'><b>test_showPage_10</b><br>Test class: com.telemarket.wa.test.WhatsAppUserTest</td>
<td></td>
<td>12</td>
<td>com.telemarket.wa.test.WhatsAppUserTest@5386659f</td></tr>
<tr>
<td title='com.telemarket.wa.test.WhatsAppTest.test_pageButton_5()'><b>test_pageButton_5</b><br>Test class: com.telemarket.wa.test.WhatsAppTest</td>
<td></td>
<td>10</td>
<td>com.telemarket.wa.test.WhatsAppTest@74ea2410</td></tr>
<tr>
<td title='com.telemarket.wa.test.WhatsAppTest.test_showPage_100()'><b>test_showPage_100</b><br>Test class: com.telemarket.wa.test.WhatsAppTest</td>
<td></td>
<td>13</td>
<td>com.telemarket.wa.test.WhatsAppTest@74ea2410</td></tr>
<tr>
<td title='com.telemarket.wa.test.WhatsAppTest.test_pageButton_3()'><b>test_pageButton_3</b><br>Test class: com.telemarket.wa.test.WhatsAppTest</td>
<td></td>
<td>10</td>
<td>com.telemarket.wa.test.WhatsAppTest@74ea2410</td></tr>
<tr>
<td title='com.telemarket.wa.test.WhatsAppUserTest.test_pageButton_2()'><b>test_pageButton_2</b><br>Test class: com.telemarket.wa.test.WhatsAppUserTest</td>
<td></td>
<td>10</td>
<td>com.telemarket.wa.test.WhatsAppUserTest@5386659f</td></tr>
<tr>
<td title='com.telemarket.wa.test.WhatsAppUserTest.test_showPage_50()'><b>test_showPage_50</b><br>Test class: com.telemarket.wa.test.WhatsAppUserTest</td>
<td></td>
<td>12</td>
<td>com.telemarket.wa.test.WhatsAppUserTest@5386659f</td></tr>
<tr>
<td title='com.telemarket.wa.test.WhatsAppTest.test_showPage_25()'><b>test_showPage_25</b><br>Test class: com.telemarket.wa.test.WhatsAppTest</td>
<td></td>
<td>12</td>
<td>com.telemarket.wa.test.WhatsAppTest@74ea2410</td></tr>
<tr>
<td title='com.telemarket.wa.test.WhatsAppUserTest.test_pageButton_5()'><b>test_pageButton_5</b><br>Test class: com.telemarket.wa.test.WhatsAppUserTest</td>
<td></td>
<td>10</td>
<td>com.telemarket.wa.test.WhatsAppUserTest@5386659f</td></tr>
<tr>
<td title='com.telemarket.wa.test.WhatsAppTest.test_showPage_10()'><b>test_showPage_10</b><br>Test class: com.telemarket.wa.test.WhatsAppTest</td>
<td></td>
<td>12</td>
<td>com.telemarket.wa.test.WhatsAppTest@74ea2410</td></tr>
<tr>
<td title='com.telemarket.wa.test.WhatsAppUserTest.test_pageButton_first()'><b>test_pageButton_first</b><br>Test class: com.telemarket.wa.test.WhatsAppUserTest</td>
<td></td>
<td>10</td>
<td>com.telemarket.wa.test.WhatsAppUserTest@5386659f</td></tr>
<tr>
<td title='com.telemarket.wa.test.WhatsAppTest.test_popupWA_SameNumber()'><b>test_popupWA_SameNumber</b><br>Test class: com.telemarket.wa.test.WhatsAppTest</td>
<td></td>
<td>11</td>
<td>com.telemarket.wa.test.WhatsAppTest@74ea2410</td></tr>
<tr>
<td title='com.telemarket.wa.test.WhatsAppTest.test_pageButton_2()'><b>test_pageButton_2</b><br>Test class: com.telemarket.wa.test.WhatsAppTest</td>
<td></td>
<td>10</td>
<td>com.telemarket.wa.test.WhatsAppTest@74ea2410</td></tr>
<tr>
<td title='com.telemarket.wa.test.WhatsAppUserTest.test_popupWA_SameNumber()'><b>test_popupWA_SameNumber</b><br>Test class: com.telemarket.wa.test.WhatsAppUserTest</td>
<td></td>
<td>11</td>
<td>com.telemarket.wa.test.WhatsAppUserTest@5386659f</td></tr>
<tr>
<td title='com.telemarket.wa.test.WhatsAppUserTest.test_showPage_25()'><b>test_showPage_25</b><br>Test class: com.telemarket.wa.test.WhatsAppUserTest</td>
<td></td>
<td>12</td>
<td>com.telemarket.wa.test.WhatsAppUserTest@5386659f</td></tr>
<tr>
<td title='com.telemarket.wa.test.WhatsAppUserTest.test_goto_messageWA()'><b>test_goto_messageWA</b><br>Test class: com.telemarket.wa.test.WhatsAppUserTest</td>
<td></td>
<td>8</td>
<td>com.telemarket.wa.test.WhatsAppUserTest@5386659f</td></tr>
<tr>
<td title='com.telemarket.wa.test.WhatsAppTest.test_goto_messageWA()'><b>test_goto_messageWA</b><br>Test class: com.telemarket.wa.test.WhatsAppTest</td>
<td></td>
<td>8</td>
<td>com.telemarket.wa.test.WhatsAppTest@74ea2410</td></tr>
<tr>
<td title='com.telemarket.wa.test.WhatsAppUserTest.test_pageButton_last()'><b>test_pageButton_last</b><br>Test class: com.telemarket.wa.test.WhatsAppUserTest</td>
<td></td>
<td>11</td>
<td>com.telemarket.wa.test.WhatsAppUserTest@5386659f</td></tr>
<tr>
<td title='com.telemarket.wa.test.WhatsAppTest.test_pageButton_4()'><b>test_pageButton_4</b><br>Test class: com.telemarket.wa.test.WhatsAppTest</td>
<td></td>
<td>10</td>
<td>com.telemarket.wa.test.WhatsAppTest@74ea2410</td></tr>
<tr>
<td title='com.telemarket.wa.test.WhatsAppTest.test_pageButton_first()'><b>test_pageButton_first</b><br>Test class: com.telemarket.wa.test.WhatsAppTest</td>
<td></td>
<td>10</td>
<td>com.telemarket.wa.test.WhatsAppTest@74ea2410</td></tr>
<tr>
<td title='com.telemarket.wa.test.WhatsAppTest.test_pageButton_last()'><b>test_pageButton_last</b><br>Test class: com.telemarket.wa.test.WhatsAppTest</td>
<td></td>
<td>11</td>
<td>com.telemarket.wa.test.WhatsAppTest@74ea2410</td></tr>
<tr>
<td title='com.telemarket.wa.test.WhatsAppTest.test_showPage_50()'><b>test_showPage_50</b><br>Test class: com.telemarket.wa.test.WhatsAppTest</td>
<td></td>
<td>12</td>
<td>com.telemarket.wa.test.WhatsAppTest@74ea2410</td></tr>
<tr>
<td title='com.telemarket.wa.test.WhatsAppUserTest.test_pageButton_3()'><b>test_pageButton_3</b><br>Test class: com.telemarket.wa.test.WhatsAppUserTest</td>
<td></td>
<td>10</td>
<td>com.telemarket.wa.test.WhatsAppUserTest@5386659f</td></tr>
<tr>
<td title='com.telemarket.wa.test.WhatsAppUserTest.test_showPage_500()'><b>test_showPage_500</b><br>Test class: com.telemarket.wa.test.WhatsAppUserTest</td>
<td></td>
<td>12</td>
<td>com.telemarket.wa.test.WhatsAppUserTest@5386659f</td></tr>
<tr>
<td title='com.telemarket.wa.test.WhatsAppTest.test_showPage_500()'><b>test_showPage_500</b><br>Test class: com.telemarket.wa.test.WhatsAppTest</td>
<td></td>
<td>15</td>
<td>com.telemarket.wa.test.WhatsAppTest@74ea2410</td></tr>
<tr>
<td title='com.telemarket.wa.test.WhatsAppUserTest.test_pageButton_4()'><b>test_pageButton_4</b><br>Test class: com.telemarket.wa.test.WhatsAppUserTest</td>
<td></td>
<td>9</td>
<td>com.telemarket.wa.test.WhatsAppUserTest@5386659f</td></tr>
<tr>
<td title='com.telemarket.wa.test.WhatsAppUserTest.test_showPage_100()'><b>test_showPage_100</b><br>Test class: com.telemarket.wa.test.WhatsAppUserTest</td>
<td></td>
<td>12</td>
<td>com.telemarket.wa.test.WhatsAppUserTest@5386659f</td></tr>
</table><p>
</body>
</html>