<?xml version="1.0" encoding="UTF-8"?>
<!-- Generated by org.testng.reporters.JUnitXMLReporter -->
<testsuite ignored="0" hostname="DESKTOP-J61BDUF" failures="2" tests="28" name="WA" time="384.786" errors="0" timestamp="2022-07-11T13:51:02 ICT">
  <testcase classname="com.telemarket.wa.test.WhatsAppTest" name="test_goto_messageWA" time="8.932"/>
  <testcase classname="com.telemarket.wa.test.WhatsAppTest" name="test_popupWA_SameNumber" time="11.203"/>
  <testcase classname="com.telemarket.wa.test.WhatsAppTest" name="test_popupWA_NoMorePopUp" time="11.625">
    <failure type="java.lang.AssertionError" message="did not expect [[d] Activity] but found [[d] Activity]">
      <![CDATA[java.lang.AssertionError: did not expect [[d] Activity] but found [[d] Activity]
at com.telemarket.wa.pom.WhatsAppPage.assertPopUpWithinPopUp(WhatsAppPage.java:54)
at com.telemarket.wa.test.WhatsAppTest.test_popupWA_NoMorePopUp(WhatsAppTest.java:82)
at java.base/java.util.ArrayList.forEach(ArrayList.java:1541)
... Removed 32 stack frames]]>
    </failure>
  </testcase> <!-- test_popupWA_NoMorePopUp -->
  <testcase classname="com.telemarket.wa.test.WhatsAppTest" name="test_pageButton_first" time="10.043"/>
  <testcase classname="com.telemarket.wa.test.WhatsAppTest" name="test_pageButton_2" time="10.218"/>
  <testcase classname="com.telemarket.wa.test.WhatsAppTest" name="test_pageButton_3" time="10.158"/>
  <testcase classname="com.telemarket.wa.test.WhatsAppTest" name="test_pageButton_4" time="10.204"/>
  <testcase classname="com.telemarket.wa.test.WhatsAppTest" name="test_pageButton_5" time="10.134"/>
  <testcase classname="com.telemarket.wa.test.WhatsAppTest" name="test_pageButton_last" time="11.133"/>
  <testcase classname="com.telemarket.wa.test.WhatsAppTest" name="test_showPage_10" time="12.032"/>
  <testcase classname="com.telemarket.wa.test.WhatsAppTest" name="test_showPage_25" time="12.493"/>
  <testcase classname="com.telemarket.wa.test.WhatsAppTest" name="test_showPage_50" time="12.848"/>
  <testcase classname="com.telemarket.wa.test.WhatsAppTest" name="test_showPage_100" time="13.599"/>
  <testcase classname="com.telemarket.wa.test.WhatsAppTest" name="test_showPage_500" time="15.187"/>
  <testcase classname="com.telemarket.wa.test.WhatsAppUserTest" name="test_goto_messageWA" time="8.892"/>
  <testcase classname="com.telemarket.wa.test.WhatsAppUserTest" name="test_popupWA_SameNumber" time="11.226"/>
  <testcase classname="com.telemarket.wa.test.WhatsAppUserTest" name="test_popupWA_NoMorePopUp" time="11.484">
    <failure type="java.lang.AssertionError" message="did not expect [[d] Activity] but found [[d] Activity]">
      <![CDATA[java.lang.AssertionError: did not expect [[d] Activity] but found [[d] Activity]
at com.telemarket.wa.pom.WhatsAppPage.assertPopUpWithinPopUp(WhatsAppPage.java:54)
at com.telemarket.wa.test.WhatsAppUserTest.test_popupWA_NoMorePopUp(WhatsAppUserTest.java:82)
at java.base/java.util.ArrayList.forEach(ArrayList.java:1541)
... Removed 32 stack frames]]>
    </failure>
  </testcase> <!-- test_popupWA_NoMorePopUp -->
  <testcase classname="com.telemarket.wa.test.WhatsAppUserTest" name="test_pageButton_first" time="10.047"/>
  <testcase classname="com.telemarket.wa.test.WhatsAppUserTest" name="test_pageButton_2" time="10.113"/>
  <testcase classname="com.telemarket.wa.test.WhatsAppUserTest" name="test_pageButton_3" time="10.097"/>
  <testcase classname="com.telemarket.wa.test.WhatsAppUserTest" name="test_pageButton_4" time="9.94"/>
  <testcase classname="com.telemarket.wa.test.WhatsAppUserTest" name="test_pageButton_5" time="10.195"/>
  <testcase classname="com.telemarket.wa.test.WhatsAppUserTest" name="test_pageButton_last" time="11.028"/>
  <testcase classname="com.telemarket.wa.test.WhatsAppUserTest" name="test_showPage_10" time="12.189"/>
  <testcase classname="com.telemarket.wa.test.WhatsAppUserTest" name="test_showPage_25" time="12.357"/>
  <testcase classname="com.telemarket.wa.test.WhatsAppUserTest" name="test_showPage_50" time="12.9"/>
  <testcase classname="com.telemarket.wa.test.WhatsAppUserTest" name="test_showPage_100" time="12.854"/>
  <testcase classname="com.telemarket.wa.test.WhatsAppUserTest" name="test_showPage_500" time="12.94"/>
</testsuite> <!-- WA -->
