<?xml version="1.0" encoding="UTF-8"?>
<!-- Generated by org.testng.reporters.JUnitReportReporter -->
<testsuite hostname="DESKTOP-J61BDUF" failures="1" tests="14" name="com.telemarket.wa.test.WhatsAppTest" time="195.398" errors="0" timestamp="2022-07-11T13:51:03 ICT" skipped="0">
  <testcase classname="com.telemarket.wa.test.WhatsAppTest" name="test_goto_messageWA" time="11.207"/>
  <system-out/>
  <testcase classname="com.telemarket.wa.test.WhatsAppTest" name="test_popupWA_SameNumber" time="13.671"/>
  <system-out/>
  <testcase classname="com.telemarket.wa.test.WhatsAppTest" name="test_popupWA_NoMorePopUp" time="13.960">
    <failure message="did not expect [[d] Activity] but found [[d] Activity]" type="java.lang.AssertionError">
      <![CDATA[java.lang.AssertionError: did not expect [[d] Activity] but found [[d] Activity]
at org.testng.Assert.fail(Assert.java:110)
at org.testng.Assert.failEquals(Assert.java:1417)
at org.testng.Assert.assertNotEqualsImpl(Assert.java:156)
at org.testng.Assert.assertNotEquals(Assert.java:2033)
at org.testng.Assert.assertNotEquals(Assert.java:2055)
at com.telemarket.wa.pom.WhatsAppPage.assertPopUpWithinPopUp(WhatsAppPage.java:54)
at com.telemarket.wa.test.WhatsAppTest.test_popupWA_NoMorePopUp(WhatsAppTest.java:82)
at java.base/jdk.internal.reflect.NativeMethodAccessorImpl.invoke0(Native Method)
at java.base/jdk.internal.reflect.NativeMethodAccessorImpl.invoke(NativeMethodAccessorImpl.java:62)
at java.base/jdk.internal.reflect.DelegatingMethodAccessorImpl.invoke(DelegatingMethodAccessorImpl.java:43)
at java.base/java.lang.reflect.Method.invoke(Method.java:566)
at org.testng.internal.invokers.MethodInvocationHelper.invokeMethod(MethodInvocationHelper.java:139)
at org.testng.internal.invokers.TestInvoker.invokeMethod(TestInvoker.java:677)
at org.testng.internal.invokers.TestInvoker.invokeTestMethod(TestInvoker.java:221)
at org.testng.internal.invokers.MethodRunner.runInSequence(MethodRunner.java:50)
at org.testng.internal.invokers.TestInvoker$MethodInvocationAgent.invoke(TestInvoker.java:962)
at org.testng.internal.invokers.TestInvoker.invokeTestMethods(TestInvoker.java:194)
at org.testng.internal.invokers.TestMethodWorker.invokeTestMethods(TestMethodWorker.java:148)
at org.testng.internal.invokers.TestMethodWorker.run(TestMethodWorker.java:128)
at java.base/java.util.ArrayList.forEach(ArrayList.java:1541)
at org.testng.TestRunner.privateRun(TestRunner.java:806)
at org.testng.TestRunner.run(TestRunner.java:601)
at org.testng.SuiteRunner.runTest(SuiteRunner.java:433)
at org.testng.SuiteRunner.runSequentially(SuiteRunner.java:427)
at org.testng.SuiteRunner.privateRun(SuiteRunner.java:387)
at org.testng.SuiteRunner.run(SuiteRunner.java:330)
at org.testng.SuiteRunnerWorker.runSuite(SuiteRunnerWorker.java:52)
at org.testng.SuiteRunnerWorker.run(SuiteRunnerWorker.java:95)
at org.testng.TestNG.runSuitesSequentially(TestNG.java:1256)
at org.testng.TestNG.runSuitesLocally(TestNG.java:1176)
at org.testng.TestNG.runSuites(TestNG.java:1099)
at org.testng.TestNG.run(TestNG.java:1067)
at org.testng.remote.AbstractRemoteTestNG.run(AbstractRemoteTestNG.java:115)
at org.testng.remote.RemoteTestNG.initAndRun(RemoteTestNG.java:251)
at org.testng.remote.RemoteTestNG.main(RemoteTestNG.java:77)
]]>
    </failure>
  </testcase> <!-- test_popupWA_NoMorePopUp -->
  <system-out>
    <![CDATA[<img src='file://C:\Users\Nexsoft\eclipse-workspace\TELEMARKETING\hasilScreenshot\20220711_134512.png'height="450" width="1017"/>]]>
  </system-out>
  <testcase classname="com.telemarket.wa.test.WhatsAppTest" name="test_pageButton_first" time="12.184"/>
  <system-out/>
  <testcase classname="com.telemarket.wa.test.WhatsAppTest" name="test_pageButton_2" time="12.502"/>
  <system-out/>
  <testcase classname="com.telemarket.wa.test.WhatsAppTest" name="test_pageButton_3" time="12.512"/>
  <system-out/>
  <testcase classname="com.telemarket.wa.test.WhatsAppTest" name="test_pageButton_4" time="12.292"/>
  <system-out/>
  <testcase classname="com.telemarket.wa.test.WhatsAppTest" name="test_pageButton_5" time="12.442"/>
  <system-out/>
  <testcase classname="com.telemarket.wa.test.WhatsAppTest" name="test_pageButton_last" time="15.691"/>
  <system-out/>
  <testcase classname="com.telemarket.wa.test.WhatsAppTest" name="test_showPage_10" time="15.690"/>
  <system-out/>
  <testcase classname="com.telemarket.wa.test.WhatsAppTest" name="test_showPage_25" time="14.863"/>
  <system-out/>
  <testcase classname="com.telemarket.wa.test.WhatsAppTest" name="test_showPage_50" time="15.320"/>
  <system-out/>
  <testcase classname="com.telemarket.wa.test.WhatsAppTest" name="test_showPage_100" time="15.697"/>
  <system-out/>
  <testcase classname="com.telemarket.wa.test.WhatsAppTest" name="test_showPage_500" time="17.367"/>
  <system-out/>
</testsuite> <!-- com.telemarket.wa.test.WhatsAppTest -->
