<?xml version="1.0" encoding="UTF-8"?>
<!-- Generated by org.testng.reporters.JUnitReportReporter -->
<testsuite hostname="DESKTOP-J61BDUF" failures="2" tests="19" name="com.telemarket.report.test.ReportAgreeTest" time="363.705" errors="0" timestamp="2022-07-11T13:13:34 ICT" skipped="0">
  <testcase classname="com.telemarket.report.test.ReportAgreeTest" name="test_goto_report_agree_page" time="11.232"/>
  <system-out/>
  <testcase classname="com.telemarket.report.test.ReportAgreeTest" name="set_startDate_endDate_valid" time="18.473"/>
  <system-out/>
  <testcase classname="com.telemarket.report.test.ReportAgreeTest" name="set_noStartDate_noEndDate" time="13.468"/>
  <system-out/>
  <testcase classname="com.telemarket.report.test.ReportAgreeTest" name="set_noEndDate" time="16.297"/>
  <system-out/>
  <testcase classname="com.telemarket.report.test.ReportAgreeTest" name="set_noStartDate" time="15.921"/>
  <system-out/>
  <testcase classname="com.telemarket.report.test.ReportAgreeTest" name="set_endDateBeforeStartDate" time="24.468">
    <failure message="expected [true] but found [false]" type="java.lang.AssertionError">
      <![CDATA[java.lang.AssertionError: expected [true] but found [false]
at org.testng.Assert.fail(Assert.java:110)
at org.testng.Assert.failNotEquals(Assert.java:1413)
at org.testng.Assert.assertTrue(Assert.java:56)
at org.testng.Assert.assertTrue(Assert.java:66)
at com.telemarket.utilities.OtherFunc.verifActivityDate(OtherFunc.java:114)
at com.telemarket.report.pom.ReportAgreePage.checkActivityDate(ReportAgreePage.java:63)
at com.telemarket.report.test.ReportAgreeTest.set_endDateBeforeStartDate(ReportAgreeTest.java:152)
at java.base/jdk.internal.reflect.NativeMethodAccessorImpl.invoke0(Native Method)
at java.base/jdk.internal.reflect.NativeMethodAccessorImpl.invoke(NativeMethodAccessorImpl.java:62)
at java.base/jdk.internal.reflect.DelegatingMethodAccessorImpl.invoke(DelegatingMethodAccessorImpl.java:43)
at java.base/java.lang.reflect.Method.invoke(Method.java:566)
at org.testng.internal.invokers.MethodInvocationHelper.invokeMethod(MethodInvocationHelper.java:139)
at org.testng.internal.invokers.TestInvoker.invokeMethod(TestInvoker.java:677)
at org.testng.internal.invokers.TestInvoker.invokeTestMethod(TestInvoker.java:221)
at org.testng.internal.invokers.MethodRunner.runInSequence(MethodRunner.java:50)
at org.testng.internal.invokers.TestInvoker$MethodInvocationAgent.invoke(TestInvoker.java:962)
at org.testng.internal.invokers.TestInvoker.invokeTestMethods(TestInvoker.java:194)
at org.testng.internal.invokers.TestMethodWorker.invokeTestMethods(TestMethodWorker.java:148)
at org.testng.internal.invokers.TestMethodWorker.run(TestMethodWorker.java:128)
at java.base/java.util.ArrayList.forEach(ArrayList.java:1541)
at org.testng.TestRunner.privateRun(TestRunner.java:806)
at org.testng.TestRunner.run(TestRunner.java:601)
at org.testng.SuiteRunner.runTest(SuiteRunner.java:433)
at org.testng.SuiteRunner.runSequentially(SuiteRunner.java:427)
at org.testng.SuiteRunner.privateRun(SuiteRunner.java:387)
at org.testng.SuiteRunner.run(SuiteRunner.java:330)
at org.testng.SuiteRunnerWorker.runSuite(SuiteRunnerWorker.java:52)
at org.testng.SuiteRunnerWorker.run(SuiteRunnerWorker.java:95)
at org.testng.TestNG.runSuitesSequentially(TestNG.java:1256)
at org.testng.TestNG.runSuitesLocally(TestNG.java:1176)
at org.testng.TestNG.runSuites(TestNG.java:1099)
at org.testng.TestNG.run(TestNG.java:1067)
at org.testng.remote.AbstractRemoteTestNG.run(AbstractRemoteTestNG.java:115)
at org.testng.remote.RemoteTestNG.initAndRun(RemoteTestNG.java:251)
at org.testng.remote.RemoteTestNG.main(RemoteTestNG.java:77)
]]>
    </failure>
  </testcase> <!-- set_endDateBeforeStartDate -->
  <system-out>
    <![CDATA[<img src='file://C:\Users\Nexsoft\eclipse-workspace\TELEMARKETING\hasilScreenshot\20220711_125440.png'height="450" width="1017"/>]]>
  </system-out>
  <testcase classname="com.telemarket.report.test.ReportAgreeTest" name="set_StartDateEndDateAfterCurrentDate" time="29.481">
    <failure message="expected [true] but found [false]" type="java.lang.AssertionError">
      <![CDATA[java.lang.AssertionError: expected [true] but found [false]
at org.testng.Assert.fail(Assert.java:110)
at org.testng.Assert.failNotEquals(Assert.java:1413)
at org.testng.Assert.assertTrue(Assert.java:56)
at org.testng.Assert.assertTrue(Assert.java:66)
at com.telemarket.utilities.OtherFunc.verifActivityDate(OtherFunc.java:114)
at com.telemarket.report.pom.ReportAgreePage.checkActivityDate(ReportAgreePage.java:63)
at com.telemarket.report.test.ReportAgreeTest.set_StartDateEndDateAfterCurrentDate(ReportAgreeTest.java:177)
at java.base/jdk.internal.reflect.NativeMethodAccessorImpl.invoke0(Native Method)
at java.base/jdk.internal.reflect.NativeMethodAccessorImpl.invoke(NativeMethodAccessorImpl.java:62)
at java.base/jdk.internal.reflect.DelegatingMethodAccessorImpl.invoke(DelegatingMethodAccessorImpl.java:43)
at java.base/java.lang.reflect.Method.invoke(Method.java:566)
at org.testng.internal.invokers.MethodInvocationHelper.invokeMethod(MethodInvocationHelper.java:139)
at org.testng.internal.invokers.TestInvoker.invokeMethod(TestInvoker.java:677)
at org.testng.internal.invokers.TestInvoker.invokeTestMethod(TestInvoker.java:221)
at org.testng.internal.invokers.MethodRunner.runInSequence(MethodRunner.java:50)
at org.testng.internal.invokers.TestInvoker$MethodInvocationAgent.invoke(TestInvoker.java:962)
at org.testng.internal.invokers.TestInvoker.invokeTestMethods(TestInvoker.java:194)
at org.testng.internal.invokers.TestMethodWorker.invokeTestMethods(TestMethodWorker.java:148)
at org.testng.internal.invokers.TestMethodWorker.run(TestMethodWorker.java:128)
at java.base/java.util.ArrayList.forEach(ArrayList.java:1541)
at org.testng.TestRunner.privateRun(TestRunner.java:806)
at org.testng.TestRunner.run(TestRunner.java:601)
at org.testng.SuiteRunner.runTest(SuiteRunner.java:433)
at org.testng.SuiteRunner.runSequentially(SuiteRunner.java:427)
at org.testng.SuiteRunner.privateRun(SuiteRunner.java:387)
at org.testng.SuiteRunner.run(SuiteRunner.java:330)
at org.testng.SuiteRunnerWorker.runSuite(SuiteRunnerWorker.java:52)
at org.testng.SuiteRunnerWorker.run(SuiteRunnerWorker.java:95)
at org.testng.TestNG.runSuitesSequentially(TestNG.java:1256)
at org.testng.TestNG.runSuitesLocally(TestNG.java:1176)
at org.testng.TestNG.runSuites(TestNG.java:1099)
at org.testng.TestNG.run(TestNG.java:1067)
at org.testng.remote.AbstractRemoteTestNG.run(AbstractRemoteTestNG.java:115)
at org.testng.remote.RemoteTestNG.initAndRun(RemoteTestNG.java:251)
at org.testng.remote.RemoteTestNG.main(RemoteTestNG.java:77)
]]>
    </failure>
  </testcase> <!-- set_StartDateEndDateAfterCurrentDate -->
  <system-out>
    <![CDATA[<img src='file://C:\Users\Nexsoft\eclipse-workspace\TELEMARKETING\hasilScreenshot\20220711_125507.png'height="450" width="1017"/>]]>
  </system-out>
  <testcase classname="com.telemarket.report.test.ReportAgreeTest" name="click_export" time="15.522"/>
  <system-out/>
  <testcase classname="com.telemarket.report.test.ReportAgreeTest" name="check_reportAgree_dataAgree" time="18.869"/>
  <system-out/>
  <testcase classname="com.telemarket.report.test.ReportAgreeTest" name="test_pageButton_first" time="18.657"/>
  <system-out/>
  <testcase classname="com.telemarket.report.test.ReportAgreeTest" name="test_pageButton_2" time="18.606"/>
  <system-out/>
  <testcase classname="com.telemarket.report.test.ReportAgreeTest" name="test_pageButton_3" time="18.570"/>
  <system-out/>
  <testcase classname="com.telemarket.report.test.ReportAgreeTest" name="test_pageButton_4" time="18.613"/>
  <system-out/>
  <testcase classname="com.telemarket.report.test.ReportAgreeTest" name="test_pageButton_last" time="19.557"/>
  <system-out/>
  <testcase classname="com.telemarket.report.test.ReportAgreeTest" name="test_showPage_10" time="20.788"/>
  <system-out/>
  <testcase classname="com.telemarket.report.test.ReportAgreeTest" name="test_showPage_25" time="20.877"/>
  <system-out/>
  <testcase classname="com.telemarket.report.test.ReportAgreeTest" name="test_showPage_50" time="21.598"/>
  <system-out/>
  <testcase classname="com.telemarket.report.test.ReportAgreeTest" name="test_showPage_100" time="21.359"/>
  <system-out/>
  <testcase classname="com.telemarket.report.test.ReportAgreeTest" name="test_showPage_500" time="21.349"/>
  <system-out/>
</testsuite> <!-- com.telemarket.report.test.ReportAgreeTest -->
